#
# There is insufficient memory for the Java Runtime Environment to continue.
# Native memory allocation (malloc) failed to allocate 911536 bytes for Chunk::new
# Possible reasons:
#   The system is out of physical RAM or swap space
#   The process is running with CompressedOops enabled, and the Java Heap may be blocking the growth of the native heap
# Possible solutions:
#   Reduce memory load on the system
#   Increase physical memory or swap space
#   Check if swap backing store is full
#   Decrease Java heap size (-Xmx/-Xms)
#   Decrease number of Java threads
#   Decrease Java thread stack sizes (-Xss)
#   Set larger code cache with -XX:ReservedCodeCacheSize=
#   JVM is running with Unscaled Compressed Oops mode in which the Java heap is
#     placed in the first 4GB address space. The Java Heap base address is the
#     maximum limit for the native heap growth. Please use -XX:HeapBaseMinAddress
#     to set the Java Heap base and to place the Java Heap above 4GB virtual address.
# This output file may be truncated or incomplete.
#
#  Out of Memory Error (arena.cpp:189), pid=13720, tid=9184
#
# JRE version: Java(TM) SE Runtime Environment (17.0.7+8) (build 17.0.7+8-LTS-224)
# Java VM: Java HotSpot(TM) 64-Bit Server VM (17.0.7+8-LTS-224, mixed mode, sharing, tiered, compressed oops, compressed class ptrs, g1 gc, windows-amd64)
# No core dump will be written. Minidumps are not enabled by default on client versions of Windows
#

---------------  S U M M A R Y ------------

Command Line: -javaagent:C:\IntelliJ IDEA Community Edition 2023.1.1\lib\idea_rt.jar=65261:C:\IntelliJ IDEA Community Edition 2023.1.1\bin -Dfile.encoding=UTF-8 com.example.Account.AccountApplication

Host: Intel(R) Core(TM) i5-6200U CPU @ 2.30GHz, 4 cores, 7G,  Windows 10 , 64 bit Build 19041 (10.0.19041.3636)
Time: Wed Jan 17 21:33:18 2024  Windows 10 , 64 bit Build 19041 (10.0.19041.3636) elapsed time: 16.677493 seconds (0d 0h 0m 16s)

---------------  T H R E A D  ---------------

Current thread (0x0000020d3e368310):  JavaThread "C2 CompilerThread0" daemon [_thread_in_native, id=9184, stack(0x000000916bc00000,0x000000916bd00000)]


Current CompileTask:
C2:  16677 4795       4       org.springframework.core.annotation.TypeMappedAnnotations::get (52 bytes)

Stack: [0x000000916bc00000,0x000000916bd00000]
Native frames: (J=compiled Java code, j=interpreted, Vv=VM code, C=native code)
V  [jvm.dll+0x676a4a]
V  [jvm.dll+0x7d74f4]
V  [jvm.dll+0x7d8c9e]
V  [jvm.dll+0x7d9303]
V  [jvm.dll+0x2452c5]
V  [jvm.dll+0xaaa2b]
V  [jvm.dll+0xaafcc]
V  [jvm.dll+0x2aac2f]
V  [jvm.dll+0x57f375]
V  [jvm.dll+0x2205f2]
V  [jvm.dll+0x2195df]
V  [jvm.dll+0x216df9]
V  [jvm.dll+0x1a35e0]
V  [jvm.dll+0x226a6e]
V  [jvm.dll+0x224e15]
V  [jvm.dll+0x78d05c]
V  [jvm.dll+0x78759a]
V  [jvm.dll+0x675875]
C  [ucrtbase.dll+0x21bb2]
C  [KERNEL32.DLL+0x17344]
C  [ntdll.dll+0x526b1]


---------------  P R O C E S S  ---------------

Threads class SMR info:
_java_thread_list=0x0000020d420f9050, length=20, elements={
0x0000020d20ad1e70, 0x0000020d3e3481c0, 0x0000020d3e348c80, 0x0000020d3e35b5c0,
0x0000020d3e35ebc0, 0x0000020d3e361490, 0x0000020d3e365660, 0x0000020d3e368310,
0x0000020d3e373fe0, 0x0000020d3e3748e0, 0x0000020d3ecaa980, 0x0000020d3eeac3a0,
0x0000020d3f1a0350, 0x0000020d41d4caf0, 0x0000020d4163d360, 0x0000020d434a2190,
0x0000020d434a2660, 0x0000020d44debbb0, 0x0000020d44de9ed0, 0x0000020d40394140
}

Java Threads: ( => current thread )
  0x0000020d20ad1e70 JavaThread "main" [_thread_in_native, id=2636, stack(0x000000916af00000,0x000000916b000000)]
  0x0000020d3e3481c0 JavaThread "Reference Handler" daemon [_thread_blocked, id=11308, stack(0x000000916b600000,0x000000916b700000)]
  0x0000020d3e348c80 JavaThread "Finalizer" daemon [_thread_blocked, id=11316, stack(0x000000916b700000,0x000000916b800000)]
  0x0000020d3e35b5c0 JavaThread "Signal Dispatcher" daemon [_thread_blocked, id=14760, stack(0x000000916b800000,0x000000916b900000)]
  0x0000020d3e35ebc0 JavaThread "Attach Listener" daemon [_thread_blocked, id=5476, stack(0x000000916b900000,0x000000916ba00000)]
  0x0000020d3e361490 JavaThread "Service Thread" daemon [_thread_blocked, id=12552, stack(0x000000916ba00000,0x000000916bb00000)]
  0x0000020d3e365660 JavaThread "Monitor Deflation Thread" daemon [_thread_blocked, id=14288, stack(0x000000916bb00000,0x000000916bc00000)]
=>0x0000020d3e368310 JavaThread "C2 CompilerThread0" daemon [_thread_in_native, id=9184, stack(0x000000916bc00000,0x000000916bd00000)]
  0x0000020d3e373fe0 JavaThread "C1 CompilerThread0" daemon [_thread_in_native, id=8824, stack(0x000000916bd00000,0x000000916be00000)]
  0x0000020d3e3748e0 JavaThread "Sweeper thread" daemon [_thread_blocked, id=1884, stack(0x000000916be00000,0x000000916bf00000)]
  0x0000020d3ecaa980 JavaThread "Common-Cleaner" daemon [_thread_blocked, id=6872, stack(0x000000916bf00000,0x000000916c000000)]
  0x0000020d3eeac3a0 JavaThread "Monitor Ctrl-Break" daemon [_thread_in_native, id=16220, stack(0x000000916c000000,0x000000916c100000)]
  0x0000020d3f1a0350 JavaThread "Notification Thread" daemon [_thread_blocked, id=10484, stack(0x000000916c100000,0x000000916c200000)]
  0x0000020d41d4caf0 JavaThread "Catalina-utility-1" [_thread_blocked, id=7708, stack(0x000000916c700000,0x000000916c800000)]
  0x0000020d4163d360 JavaThread "Catalina-utility-2" [_thread_blocked, id=7296, stack(0x000000916c800000,0x000000916c900000)]
  0x0000020d434a2190 JavaThread "container-0" [_thread_blocked, id=14228, stack(0x000000916c900000,0x000000916ca00000)]
  0x0000020d434a2660 JavaThread "mysql-cj-abandoned-connection-cleanup" daemon [_thread_blocked, id=1412, stack(0x000000916ca00000,0x000000916cb00000)]
  0x0000020d44debbb0 JavaThread "HikariPool-1 housekeeper" daemon [_thread_blocked, id=6568, stack(0x000000916cc00000,0x000000916cd00000)]
  0x0000020d44de9ed0 JavaThread "HikariPool-1 connection adder" daemon [_thread_blocked, id=11916, stack(0x000000916cb00000,0x000000916cc00000)]
  0x0000020d40394140 JavaThread "C2 CompilerThread1" daemon [_thread_in_native, id=8124, stack(0x000000916cd00000,0x000000916ce00000)]

Other Threads:
  0x0000020d3e33f7e0 VMThread "VM Thread" [stack: 0x000000916b500000,0x000000916b600000] [id=9888]
  0x0000020d20b4fa70 WatcherThread [stack: 0x000000916c200000,0x000000916c300000] [id=3308]
  0x0000020d20b2c800 GCTaskThread "GC Thread#0" [stack: 0x000000916b000000,0x000000916b100000] [id=15000]
  0x0000020d3f5ad960 GCTaskThread "GC Thread#1" [stack: 0x000000916c500000,0x000000916c600000] [id=12580]
  0x0000020d3f7f4f60 GCTaskThread "GC Thread#2" [stack: 0x000000916c600000,0x000000916c700000] [id=14120]
  0x0000020d3f54ae90 GCTaskThread "GC Thread#3" [stack: 0x000000916c400000,0x000000916c500000] [id=9936]
  0x0000020d20b3e3e0 ConcurrentGCThread "G1 Main Marker" [stack: 0x000000916b100000,0x000000916b200000] [id=8380]
  0x0000020d20b3f4a0 ConcurrentGCThread "G1 Conc#0" [stack: 0x000000916b200000,0x000000916b300000] [id=2900]
  0x0000020d20b87220 ConcurrentGCThread "G1 Refine#0" [stack: 0x000000916b300000,0x000000916b400000] [id=11972]
  0x0000020d20b87b50 ConcurrentGCThread "G1 Service" [stack: 0x000000916b400000,0x000000916b500000] [id=9016]

Threads with active compile tasks:
C2 CompilerThread0    16765 4795       4       org.springframework.core.annotation.TypeMappedAnnotations::get (52 bytes)
C1 CompilerThread0    16765 4843       3       org.springframework.asm.ClassReader::accept (1401 bytes)
C2 CompilerThread1    16765 4830       4       org.springframework.core.BridgeMethodResolver::findBridgedMethod (117 bytes)

VM state: not at safepoint (normal execution)

VM Mutex/Monitor currently owned by a thread: None

Heap address: 0x0000000081400000, size: 2028 MB, Compressed Oops mode: 32-bit

CDS archive(s) mapped at: [0x0000000800000000-0x0000000800bd0000-0x0000000800bd0000), size 12386304, SharedBaseAddress: 0x0000000800000000, ArchiveRelocationMode: 0.
Compressed class space mapped at: 0x0000000800c00000-0x0000000840c00000, reserved size: 1073741824
Narrow klass base: 0x0000000800000000, Narrow klass shift: 0, Narrow klass range: 0x100000000

GC Precious Log:
 CPUs: 4 total, 4 available
 Memory: 8108M
 Large Page Support: Disabled
 NUMA Support: Disabled
 Compressed Oops: Enabled (32-bit)
 Heap Region Size: 1M
 Heap Min Capacity: 8M
 Heap Initial Capacity: 128M
 Heap Max Capacity: 2028M
 Pre-touch: Disabled
 Parallel Workers: 4
 Concurrent Workers: 1
 Concurrent Refinement Workers: 4
 Periodic GC: Disabled

Heap:
 garbage-first heap   total 55296K, used 40264K [0x0000000081400000, 0x0000000100000000)
  region size 1024K, 17 young (17408K), 1 survivors (1024K)
 Metaspace       used 52492K, committed 52864K, reserved 1097728K
  class space    used 7348K, committed 7552K, reserved 1048576K

Heap Regions: E=young(eden), S=young(survivor), O=old, HS=humongous(starts), HC=humongous(continues), CS=collection set, F=free, OA=open archive, CA=closed archive, TAMS=top-at-mark-start (previous, next)
|   0|0x0000000081400000, 0x0000000081500000, 0x0000000081500000|100%|HS|  |TAMS 0x0000000081500000, 0x0000000081400000| Complete 
|   1|0x0000000081500000, 0x0000000081600000, 0x0000000081600000|100%| O|  |TAMS 0x0000000081600000, 0x0000000081500000| Untracked 
|   2|0x0000000081600000, 0x0000000081700000, 0x0000000081700000|100%| O|  |TAMS 0x0000000081700000, 0x0000000081600000| Untracked 
|   3|0x0000000081700000, 0x0000000081800000, 0x0000000081800000|100%| O|  |TAMS 0x0000000081800000, 0x0000000081700000| Untracked 
|   4|0x0000000081800000, 0x0000000081900000, 0x0000000081900000|100%| O|  |TAMS 0x0000000081900000, 0x0000000081800000| Untracked 
|   5|0x0000000081900000, 0x0000000081a00000, 0x0000000081a00000|100%| O|  |TAMS 0x0000000081a00000, 0x0000000081900000| Untracked 
|   6|0x0000000081a00000, 0x0000000081b00000, 0x0000000081b00000|100%| O|  |TAMS 0x0000000081b00000, 0x0000000081a00000| Untracked 
|   7|0x0000000081b00000, 0x0000000081c00000, 0x0000000081c00000|100%| O|  |TAMS 0x0000000081c00000, 0x0000000081b00000| Untracked 
|   8|0x0000000081c00000, 0x0000000081d00000, 0x0000000081d00000|100%| O|  |TAMS 0x0000000081d00000, 0x0000000081c00000| Untracked 
|   9|0x0000000081d00000, 0x0000000081dfdc00, 0x0000000081e00000| 99%| O|  |TAMS 0x0000000081dfdc00, 0x0000000081d00000| Untracked 
|  10|0x0000000081e00000, 0x0000000081f00000, 0x0000000081f00000|100%| O|  |TAMS 0x0000000081f00000, 0x0000000081e00000| Untracked 
|  11|0x0000000081f00000, 0x0000000082000000, 0x0000000082000000|100%| O|  |TAMS 0x0000000082000000, 0x0000000081f00000| Untracked 
|  12|0x0000000082000000, 0x0000000082100000, 0x0000000082100000|100%| O|  |TAMS 0x0000000082100000, 0x0000000082000000| Untracked 
|  13|0x0000000082100000, 0x0000000082200000, 0x0000000082200000|100%| O|  |TAMS 0x0000000082200000, 0x0000000082100000| Untracked 
|  14|0x0000000082200000, 0x0000000082300000, 0x0000000082300000|100%| O|  |TAMS 0x0000000082300000, 0x0000000082200000| Untracked 
|  15|0x0000000082300000, 0x0000000082400000, 0x0000000082400000|100%| O|  |TAMS 0x0000000082326e00, 0x0000000082300000| Untracked 
|  16|0x0000000082400000, 0x0000000082500000, 0x0000000082500000|100%| O|  |TAMS 0x0000000082400000, 0x0000000082400000| Untracked 
|  17|0x0000000082500000, 0x0000000082600000, 0x0000000082600000|100%| O|  |TAMS 0x0000000082500000, 0x0000000082500000| Untracked 
|  18|0x0000000082600000, 0x0000000082700000, 0x0000000082700000|100%| O|  |TAMS 0x0000000082600000, 0x0000000082600000| Untracked 
|  19|0x0000000082700000, 0x0000000082800000, 0x0000000082800000|100%| O|  |TAMS 0x0000000082700000, 0x0000000082700000| Untracked 
|  20|0x0000000082800000, 0x0000000082900000, 0x0000000082900000|100%| O|  |TAMS 0x0000000082800000, 0x0000000082800000| Untracked 
|  21|0x0000000082900000, 0x0000000082a00000, 0x0000000082a00000|100%| O|  |TAMS 0x0000000082900000, 0x0000000082900000| Untracked 
|  22|0x0000000082a00000, 0x0000000082b00000, 0x0000000082b00000|100%| O|  |TAMS 0x0000000082a00000, 0x0000000082a00000| Untracked 
|  23|0x0000000082b00000, 0x0000000082b54600, 0x0000000082c00000| 32%| O|  |TAMS 0x0000000082b00000, 0x0000000082b00000| Untracked 
|  24|0x0000000082c00000, 0x0000000082c00000, 0x0000000082d00000|  0%| F|  |TAMS 0x0000000082c00000, 0x0000000082c00000| Untracked 
|  25|0x0000000082d00000, 0x0000000082d00000, 0x0000000082e00000|  0%| F|  |TAMS 0x0000000082d00000, 0x0000000082d00000| Untracked 
|  26|0x0000000082e00000, 0x0000000082e00000, 0x0000000082f00000|  0%| F|  |TAMS 0x0000000082e00000, 0x0000000082e00000| Untracked 
|  27|0x0000000082f00000, 0x0000000082f00000, 0x0000000083000000|  0%| F|  |TAMS 0x0000000082f00000, 0x0000000082f00000| Untracked 
|  28|0x0000000083000000, 0x0000000083000000, 0x0000000083100000|  0%| F|  |TAMS 0x0000000083000000, 0x0000000083000000| Untracked 
|  29|0x0000000083100000, 0x0000000083100000, 0x0000000083200000|  0%| F|  |TAMS 0x0000000083100000, 0x0000000083100000| Untracked 
|  30|0x0000000083200000, 0x0000000083200000, 0x0000000083300000|  0%| F|  |TAMS 0x0000000083200000, 0x0000000083200000| Untracked 
|  31|0x0000000083300000, 0x0000000083300000, 0x0000000083400000|  0%| F|  |TAMS 0x0000000083300000, 0x0000000083300000| Untracked 
|  32|0x0000000083400000, 0x0000000083400000, 0x0000000083500000|  0%| F|  |TAMS 0x0000000083400000, 0x0000000083400000| Untracked 
|  33|0x0000000083500000, 0x0000000083500000, 0x0000000083600000|  0%| F|  |TAMS 0x0000000083500000, 0x0000000083500000| Untracked 
|  34|0x0000000083600000, 0x0000000083600000, 0x0000000083700000|  0%| F|  |TAMS 0x0000000083600000, 0x0000000083600000| Untracked 
|  35|0x0000000083700000, 0x0000000083800000, 0x0000000083800000|100%| S|CS|TAMS 0x0000000083700000, 0x0000000083700000| Complete 
|  36|0x0000000083800000, 0x0000000083800000, 0x0000000083900000|  0%| F|  |TAMS 0x0000000083800000, 0x0000000083800000| Untracked 
|  37|0x0000000083900000, 0x0000000083900000, 0x0000000083a00000|  0%| F|  |TAMS 0x0000000083900000, 0x0000000083900000| Untracked 
|  38|0x0000000083a00000, 0x0000000083ad0730, 0x0000000083b00000| 81%| E|  |TAMS 0x0000000083a00000, 0x0000000083a00000| Complete 
|  39|0x0000000083b00000, 0x0000000083c00000, 0x0000000083c00000|100%| E|CS|TAMS 0x0000000083b00000, 0x0000000083b00000| Complete 
|  40|0x0000000083c00000, 0x0000000083d00000, 0x0000000083d00000|100%| E|CS|TAMS 0x0000000083c00000, 0x0000000083c00000| Complete 
|  41|0x0000000083d00000, 0x0000000083e00000, 0x0000000083e00000|100%| E|CS|TAMS 0x0000000083d00000, 0x0000000083d00000| Complete 
|  42|0x0000000083e00000, 0x0000000083f00000, 0x0000000083f00000|100%| E|CS|TAMS 0x0000000083e00000, 0x0000000083e00000| Complete 
|  43|0x0000000083f00000, 0x0000000084000000, 0x0000000084000000|100%| E|CS|TAMS 0x0000000083f00000, 0x0000000083f00000| Complete 
|  44|0x0000000084000000, 0x0000000084100000, 0x0000000084100000|100%| E|CS|TAMS 0x0000000084000000, 0x0000000084000000| Complete 
|  45|0x0000000084100000, 0x0000000084200000, 0x0000000084200000|100%| E|CS|TAMS 0x0000000084100000, 0x0000000084100000| Complete 
|  46|0x0000000084200000, 0x0000000084300000, 0x0000000084300000|100%| E|CS|TAMS 0x0000000084200000, 0x0000000084200000| Complete 
|  47|0x0000000084300000, 0x0000000084400000, 0x0000000084400000|100%| E|CS|TAMS 0x0000000084300000, 0x0000000084300000| Complete 
| 119|0x0000000088b00000, 0x0000000088c00000, 0x0000000088c00000|100%| E|CS|TAMS 0x0000000088b00000, 0x0000000088b00000| Complete 
| 120|0x0000000088c00000, 0x0000000088d00000, 0x0000000088d00000|100%| E|CS|TAMS 0x0000000088c00000, 0x0000000088c00000| Complete 
| 121|0x0000000088d00000, 0x0000000088e00000, 0x0000000088e00000|100%| E|CS|TAMS 0x0000000088d00000, 0x0000000088d00000| Complete 
| 122|0x0000000088e00000, 0x0000000088f00000, 0x0000000088f00000|100%| E|CS|TAMS 0x0000000088e00000, 0x0000000088e00000| Complete 
| 123|0x0000000088f00000, 0x0000000089000000, 0x0000000089000000|100%| E|CS|TAMS 0x0000000088f00000, 0x0000000088f00000| Complete 
| 127|0x0000000089300000, 0x0000000089400000, 0x0000000089400000|100%| E|CS|TAMS 0x0000000089300000, 0x0000000089300000| Complete 

Card table byte_map: [0x0000020d37740000,0x0000020d37b40000] _byte_map_base: 0x0000020d37336000

Marking Bits (Prev, Next): (CMBitMap*) 0x0000020d20b2dd30, (CMBitMap*) 0x0000020d20b2dd70
 Prev Bits: [0x0000020d37f40000, 0x0000020d39ef0000)
 Next Bits: [0x0000020d39ef0000, 0x0000020d3bea0000)

Polling page: 0x0000020d1e850000

Metaspace:

Usage:
  Non-class:     44.11 MB used.
      Class:      7.18 MB used.
       Both:     51.29 MB used.

Virtual space:
  Non-class space:       48.00 MB reserved,      44.31 MB ( 92%) committed,  6 nodes.
      Class space:        1.00 GB reserved,       7.38 MB ( <1%) committed,  1 nodes.
             Both:        1.05 GB reserved,      51.69 MB (  5%) committed. 

Chunk freelists:
   Non-Class:  3.55 MB
       Class:  496.00 KB
        Both:  4.03 MB

MaxMetaspaceSize: unlimited
CompressedClassSpaceSize: 1.00 GB
Initial GC threshold: 21.00 MB
Current GC threshold: 59.00 MB
CDS: on
MetaspaceReclaimPolicy: balanced
 - commit_granule_bytes: 65536.
 - commit_granule_words: 8192.
 - virtual_space_node_default_size: 1048576.
 - enlarge_chunks_in_place: 1.
 - new_chunks_are_fully_committed: 0.
 - uncommit_free_chunks: 1.
 - use_allocation_guard: 0.
 - handle_deallocations: 1.


Internal statistics:

num_allocs_failed_limit: 6.
num_arena_births: 314.
num_arena_deaths: 0.
num_vsnodes_births: 7.
num_vsnodes_deaths: 0.
num_space_committed: 827.
num_space_uncommitted: 0.
num_chunks_returned_to_freelist: 6.
num_chunks_taken_from_freelist: 2170.
num_chunk_merges: 6.
num_chunk_splits: 1617.
num_chunks_enlarged: 1342.
num_purges: 0.
num_inconsistent_stats: 0.

CodeHeap 'non-profiled nmethods': size=120000Kb used=2799Kb max_used=3056Kb free=117200Kb
 bounds [0x0000020d2fe10000, 0x0000020d30110000, 0x0000020d37340000]
CodeHeap 'profiled nmethods': size=120000Kb used=8359Kb max_used=9577Kb free=111640Kb
 bounds [0x0000020d28340000, 0x0000020d28ca0000, 0x0000020d2f870000]
CodeHeap 'non-nmethods': size=5760Kb used=1298Kb max_used=1360Kb free=4461Kb
 bounds [0x0000020d2f870000, 0x0000020d2fae0000, 0x0000020d2fe10000]
 total_blobs=4769 nmethods=4147 adapters=531
 compilation: enabled
              stopped_count=0, restarted_count=0
 full_count=0

Compilation events (20 events):
Event: 16.615 Thread 0x0000020d3e373fe0 4829       1       org.springframework.asm.MethodWriter::hasAsmInstructions (5 bytes)
Event: 16.615 Thread 0x0000020d3e373fe0 nmethod 4829 0x0000020d2ff5cd90 code [0x0000020d2ff5cf20, 0x0000020d2ff5cff8]
Event: 16.628 Thread 0x0000020d40394140 nmethod 4811 0x0000020d2ff0aa90 code [0x0000020d2ff0ad00, 0x0000020d2ff0be20]
Event: 16.628 Thread 0x0000020d40394140 4810       4       org.springframework.asm.ClassReader::readUTF8 (23 bytes)
Event: 16.648 Thread 0x0000020d40394140 nmethod 4810 0x0000020d2febd710 code [0x0000020d2febd8e0, 0x0000020d2febe598]
Event: 16.649 Thread 0x0000020d40394140 4801       4       java.util.concurrent.CopyOnWriteArrayList$COWIterator::hasNext (18 bytes)
Event: 16.649 Thread 0x0000020d40394140 nmethod 4801 0x0000020d2ff0a790 code [0x0000020d2ff0a900, 0x0000020d2ff0a998]
Event: 16.650 Thread 0x0000020d40394140 4804       4       java.util.RegularEnumSet::add (40 bytes)
Event: 16.651 Thread 0x0000020d40394140 nmethod 4804 0x0000020d2febd390 code [0x0000020d2febd500, 0x0000020d2febd5f8]
Event: 16.651 Thread 0x0000020d40394140 4805       4       java.util.EnumSet::typeCheck (59 bytes)
Event: 16.652 Thread 0x0000020d40394140 nmethod 4805 0x0000020d2ff0a490 code [0x0000020d2ff0a600, 0x0000020d2ff0a6b8]
Event: 16.653 Thread 0x0000020d40394140 4830       4       org.springframework.core.BridgeMethodResolver::findBridgedMethod (117 bytes)
Event: 16.653 Thread 0x0000020d3e373fe0 4831       3       java.lang.ThreadLocal::set (30 bytes)
Event: 16.653 Thread 0x0000020d3e373fe0 nmethod 4831 0x0000020d2839eb10 code [0x0000020d2839ece0, 0x0000020d2839f078]
Event: 16.666 Thread 0x0000020d3e373fe0 4834       3       ch.qos.logback.core.pattern.FormattingConverter::write (154 bytes)
Event: 16.667 Thread 0x0000020d3e373fe0 nmethod 4834 0x0000020d2839d190 code [0x0000020d2839d4e0, 0x0000020d2839e598]
Event: 16.667 Thread 0x0000020d3e373fe0 4835   !   3       org.springframework.core.annotation.AnnotationsScanner::processElement (40 bytes)
Event: 16.668 Thread 0x0000020d3e373fe0 nmethod 4835 0x0000020d28956190 code [0x0000020d28956380, 0x0000020d28956778]
Event: 16.668 Thread 0x0000020d3e373fe0 4836       3       org.springframework.beans.factory.support.AbstractBeanFactory::isPrototypeCurrentlyInCreation (46 bytes)
Event: 16.668 Thread 0x0000020d3e373fe0 nmethod 4836 0x0000020d28955790 code [0x0000020d28955980, 0x0000020d28956028]

GC Heap History (20 events):
Event: 3.082 GC heap before
{Heap before GC invocations=2 (full 0):
 garbage-first heap   total 131072K, used 28555K [0x0000000081400000, 0x0000000100000000)
  region size 1024K, 21 young (21504K), 1 survivors (1024K)
 Metaspace       used 10242K, committed 10432K, reserved 1064960K
  class space    used 1284K, committed 1408K, reserved 1048576K
}
Event: 3.088 GC heap after
{Heap after GC invocations=3 (full 0):
 garbage-first heap   total 131072K, used 10419K [0x0000000081400000, 0x0000000100000000)
  region size 1024K, 3 young (3072K), 3 survivors (3072K)
 Metaspace       used 10242K, committed 10432K, reserved 1064960K
  class space    used 1284K, committed 1408K, reserved 1048576K
}
Event: 6.193 GC heap before
{Heap before GC invocations=3 (full 0):
 garbage-first heap   total 131072K, used 83123K [0x0000000081400000, 0x0000000100000000)
  region size 1024K, 75 young (76800K), 3 survivors (3072K)
 Metaspace       used 21196K, committed 21440K, reserved 1073152K
  class space    used 2660K, committed 2752K, reserved 1048576K
}
Event: 6.205 GC heap after
{Heap after GC invocations=4 (full 0):
 garbage-first heap   total 131072K, used 14595K [0x0000000081400000, 0x0000000100000000)
  region size 1024K, 7 young (7168K), 7 survivors (7168K)
 Metaspace       used 21196K, committed 21440K, reserved 1073152K
  class space    used 2660K, committed 2752K, reserved 1048576K
}
Event: 6.295 GC heap before
{Heap before GC invocations=4 (full 0):
 garbage-first heap   total 131072K, used 17667K [0x0000000081400000, 0x0000000100000000)
  region size 1024K, 11 young (11264K), 7 survivors (7168K)
 Metaspace       used 21285K, committed 21504K, reserved 1073152K
  class space    used 2677K, committed 2816K, reserved 1048576K
}
Event: 6.305 GC heap after
{Heap after GC invocations=5 (full 0):
 garbage-first heap   total 131072K, used 15007K [0x0000000081400000, 0x0000000100000000)
  region size 1024K, 5 young (5120K), 5 survivors (5120K)
 Metaspace       used 21285K, committed 21504K, reserved 1073152K
  class space    used 2677K, committed 2816K, reserved 1048576K
}
Event: 7.752 GC heap before
{Heap before GC invocations=6 (full 0):
 garbage-first heap   total 55296K, used 42655K [0x0000000081400000, 0x0000000100000000)
  region size 1024K, 32 young (32768K), 5 survivors (5120K)
 Metaspace       used 25528K, committed 25792K, reserved 1073152K
  class space    used 3361K, committed 3456K, reserved 1048576K
}
Event: 7.768 GC heap after
{Heap after GC invocations=7 (full 0):
 garbage-first heap   total 55296K, used 16023K [0x0000000081400000, 0x0000000100000000)
  region size 1024K, 2 young (2048K), 2 survivors (2048K)
 Metaspace       used 25528K, committed 25792K, reserved 1073152K
  class space    used 3361K, committed 3456K, reserved 1048576K
}
Event: 9.191 GC heap before
{Heap before GC invocations=7 (full 0):
 garbage-first heap   total 55296K, used 39575K [0x0000000081400000, 0x0000000100000000)
  region size 1024K, 25 young (25600K), 2 survivors (2048K)
 Metaspace       used 29017K, committed 29248K, reserved 1081344K
  class space    used 3919K, committed 4032K, reserved 1048576K
}
Event: 9.203 GC heap after
{Heap after GC invocations=8 (full 0):
 garbage-first heap   total 55296K, used 17616K [0x0000000081400000, 0x0000000100000000)
  region size 1024K, 4 young (4096K), 4 survivors (4096K)
 Metaspace       used 29017K, committed 29248K, reserved 1081344K
  class space    used 3919K, committed 4032K, reserved 1048576K
}
Event: 11.275 GC heap before
{Heap before GC invocations=8 (full 0):
 garbage-first heap   total 55296K, used 40144K [0x0000000081400000, 0x0000000100000000)
  region size 1024K, 26 young (26624K), 4 survivors (4096K)
 Metaspace       used 33343K, committed 33600K, reserved 1081344K
  class space    used 4468K, committed 4608K, reserved 1048576K
}
Event: 11.288 GC heap after
{Heap after GC invocations=9 (full 0):
 garbage-first heap   total 55296K, used 19602K [0x0000000081400000, 0x0000000100000000)
  region size 1024K, 4 young (4096K), 4 survivors (4096K)
 Metaspace       used 33343K, committed 33600K, reserved 1081344K
  class space    used 4468K, committed 4608K, reserved 1048576K
}
Event: 12.606 GC heap before
{Heap before GC invocations=9 (full 0):
 garbage-first heap   total 55296K, used 33938K [0x0000000081400000, 0x0000000100000000)
  region size 1024K, 20 young (20480K), 4 survivors (4096K)
 Metaspace       used 35693K, committed 35968K, reserved 1081344K
  class space    used 4782K, committed 4928K, reserved 1048576K
}
Event: 12.613 GC heap after
{Heap after GC invocations=10 (full 0):
 garbage-first heap   total 55296K, used 20888K [0x0000000081400000, 0x0000000100000000)
  region size 1024K, 4 young (4096K), 4 survivors (4096K)
 Metaspace       used 35693K, committed 35968K, reserved 1081344K
  class space    used 4782K, committed 4928K, reserved 1048576K
}
Event: 13.987 GC heap before
{Heap before GC invocations=11 (full 0):
 garbage-first heap   total 55296K, used 40344K [0x0000000081400000, 0x0000000100000000)
  region size 1024K, 23 young (23552K), 4 survivors (4096K)
 Metaspace       used 40215K, committed 40512K, reserved 1089536K
  class space    used 5571K, committed 5696K, reserved 1048576K
}
Event: 13.995 GC heap after
{Heap after GC invocations=12 (full 0):
 garbage-first heap   total 55296K, used 22320K [0x0000000081400000, 0x0000000100000000)
  region size 1024K, 3 young (3072K), 3 survivors (3072K)
 Metaspace       used 40215K, committed 40512K, reserved 1089536K
  class space    used 5571K, committed 5696K, reserved 1048576K
}
Event: 15.040 GC heap before
{Heap before GC invocations=12 (full 0):
 garbage-first heap   total 55296K, used 40752K [0x0000000081400000, 0x0000000100000000)
  region size 1024K, 22 young (22528K), 3 survivors (3072K)
 Metaspace       used 45392K, committed 45632K, reserved 1089536K
  class space    used 6272K, committed 6400K, reserved 1048576K
}
Event: 15.046 GC heap after
{Heap after GC invocations=13 (full 0):
 garbage-first heap   total 55296K, used 23810K [0x0000000081400000, 0x0000000100000000)
  region size 1024K, 3 young (3072K), 3 survivors (3072K)
 Metaspace       used 45392K, committed 45632K, reserved 1089536K
  class space    used 6272K, committed 6400K, reserved 1048576K
}
Event: 16.008 GC heap before
{Heap before GC invocations=13 (full 0):
 garbage-first heap   total 55296K, used 42242K [0x0000000081400000, 0x0000000100000000)
  region size 1024K, 21 young (21504K), 3 survivors (3072K)
 Metaspace       used 49608K, committed 49856K, reserved 1097728K
  class space    used 6941K, committed 7040K, reserved 1048576K
}
Event: 16.013 GC heap after
{Heap after GC invocations=14 (full 0):
 garbage-first heap   total 55296K, used 24904K [0x0000000081400000, 0x0000000100000000)
  region size 1024K, 1 young (1024K), 1 survivors (1024K)
 Metaspace       used 49608K, committed 49856K, reserved 1097728K
  class space    used 6941K, committed 7040K, reserved 1048576K
}

Deoptimization events (20 events):
Event: 16.572 Thread 0x0000020d20ad1e70 Uncommon trap: trap_request=0xffffff45 fr.pc=0x0000020d2fec989c relative=0x00000000000003fc
Event: 16.572 Thread 0x0000020d20ad1e70 Uncommon trap: reason=unstable_if action=reinterpret pc=0x0000020d2fec989c method=java.lang.String.<init>([CIILjava/lang/Void;)V @ 43 c2
Event: 16.572 Thread 0x0000020d20ad1e70 DEOPT PACKING pc=0x0000020d2fec989c sp=0x000000916affe070
Event: 16.572 Thread 0x0000020d20ad1e70 DEOPT UNPACKING pc=0x0000020d2f8c23a3 sp=0x000000916affe058 mode 2
Event: 16.574 Thread 0x0000020d20ad1e70 Uncommon trap: trap_request=0xffffffde fr.pc=0x0000020d30039bf0 relative=0x00000000000071b0
Event: 16.574 Thread 0x0000020d20ad1e70 Uncommon trap: reason=class_check action=maybe_recompile pc=0x0000020d30039bf0 method=org.springframework.beans.factory.support.AbstractBeanFactory.isTypeMatch(Ljava/lang/String;Lorg/springframework/core/ResolvableType;Z)Z @ 53 c2
Event: 16.574 Thread 0x0000020d20ad1e70 DEOPT PACKING pc=0x0000020d30039bf0 sp=0x000000916affe4b0
Event: 16.574 Thread 0x0000020d20ad1e70 DEOPT UNPACKING pc=0x0000020d2f8c23a3 sp=0x000000916affe460 mode 2
Event: 16.575 Thread 0x0000020d20ad1e70 Uncommon trap: trap_request=0xffffffde fr.pc=0x0000020d30039bf0 relative=0x00000000000071b0
Event: 16.575 Thread 0x0000020d20ad1e70 Uncommon trap: reason=class_check action=maybe_recompile pc=0x0000020d30039bf0 method=org.springframework.beans.factory.support.AbstractBeanFactory.isTypeMatch(Ljava/lang/String;Lorg/springframework/core/ResolvableType;Z)Z @ 53 c2
Event: 16.575 Thread 0x0000020d20ad1e70 DEOPT PACKING pc=0x0000020d30039bf0 sp=0x000000916affd8f0
Event: 16.576 Thread 0x0000020d20ad1e70 DEOPT UNPACKING pc=0x0000020d2f8c23a3 sp=0x000000916affd8a0 mode 2
Event: 16.581 Thread 0x0000020d20ad1e70 Uncommon trap: trap_request=0xffffffde fr.pc=0x0000020d30039bf0 relative=0x00000000000071b0
Event: 16.581 Thread 0x0000020d20ad1e70 Uncommon trap: reason=class_check action=maybe_recompile pc=0x0000020d30039bf0 method=org.springframework.beans.factory.support.AbstractBeanFactory.isTypeMatch(Ljava/lang/String;Lorg/springframework/core/ResolvableType;Z)Z @ 53 c2
Event: 16.581 Thread 0x0000020d20ad1e70 DEOPT PACKING pc=0x0000020d30039bf0 sp=0x000000916affcf70
Event: 16.581 Thread 0x0000020d20ad1e70 DEOPT UNPACKING pc=0x0000020d2f8c23a3 sp=0x000000916affcf20 mode 2
Event: 16.669 Thread 0x0000020d20ad1e70 Uncommon trap: trap_request=0xffffffde fr.pc=0x0000020d30039bf0 relative=0x00000000000071b0
Event: 16.669 Thread 0x0000020d20ad1e70 Uncommon trap: reason=class_check action=maybe_recompile pc=0x0000020d30039bf0 method=org.springframework.beans.factory.support.AbstractBeanFactory.isTypeMatch(Ljava/lang/String;Lorg/springframework/core/ResolvableType;Z)Z @ 53 c2
Event: 16.669 Thread 0x0000020d20ad1e70 DEOPT PACKING pc=0x0000020d30039bf0 sp=0x000000916affe4b0
Event: 16.669 Thread 0x0000020d20ad1e70 DEOPT UNPACKING pc=0x0000020d2f8c23a3 sp=0x000000916affe460 mode 2

Classes unloaded (0 events):
No events

Classes redefined (0 events):
No events

Internal exceptions (20 events):
Event: 9.808 Thread 0x0000020d20ad1e70 Exception <a 'java/lang/NoSuchMethodError'{0x000000008434a1f8}: 'void java.lang.invoke.DirectMethodHandle$Holder.invokeInterface(java.lang.Object, java.lang.Object, int)'> (0x000000008434a1f8) 
thrown [s\open\src\hotspot\share\interpreter\linkResolver.cpp, line 759]
Event: 9.814 Thread 0x0000020d20ad1e70 Exception <a 'java/lang/NoSuchMethodError'{0x0000000084363fa8}: 'int java.lang.invoke.DirectMethodHandle$Holder.invokeVirtual(java.lang.Object, java.lang.Object)'> (0x0000000084363fa8) 
thrown [s\open\src\hotspot\share\interpreter\linkResolver.cpp, line 759]
Event: 9.821 Thread 0x0000020d20ad1e70 Exception <a 'java/lang/IncompatibleClassChangeError'{0x000000008439d928}: Found class java.lang.Object, but interface was expected> (0x000000008439d928) 
thrown [s\open\src\hotspot\share\interpreter\linkResolver.cpp, line 826]
Event: 9.822 Thread 0x0000020d20ad1e70 Exception <a 'java/lang/NoSuchMethodError'{0x00000000843a2db0}: 'void java.lang.invoke.DirectMethodHandle$Holder.invokeStatic(java.lang.Object, int, java.lang.Object)'> (0x00000000843a2db0) 
thrown [s\open\src\hotspot\share\interpreter\linkResolver.cpp, line 759]
Event: 9.831 Thread 0x0000020d20ad1e70 Exception <a 'java/lang/NoSuchMethodError'{0x00000000843d7f50}: 'int java.lang.invoke.DirectMethodHandle$Holder.invokeSpecial(java.lang.Object, java.lang.Object, int)'> (0x00000000843d7f50) 
thrown [s\open\src\hotspot\share\interpreter\linkResolver.cpp, line 759]
Event: 9.901 Thread 0x0000020d20ad1e70 Exception <a 'java/lang/NoSuchMethodError'{0x0000000084197b18}: 'void java.lang.invoke.DirectMethodHandle$Holder.invokeStatic(java.lang.Object, java.lang.Object, int)'> (0x0000000084197b18) 
thrown [s\open\src\hotspot\share\interpreter\linkResolver.cpp, line 759]
Event: 10.077 Thread 0x0000020d20ad1e70 Exception <a 'java/lang/NoSuchMethodError'{0x0000000083e34e08}: 'java.lang.Object java.lang.invoke.DirectMethodHandle$Holder.invokeStaticInit(java.lang.Object, int, int, int, int)'> (0x0000000083e34e08) 
thrown [s\open\src\hotspot\share\interpreter\linkResolver.cpp, line 759]
Event: 10.627 Thread 0x0000020d20ad1e70 Exception <a 'java/lang/NoSuchMethodError'{0x0000000083e6cce8}: 'java.lang.Object java.lang.invoke.DirectMethodHandle$Holder.invokeStaticInit(java.lang.Object, java.lang.Object, int, int, int, int)'> (0x0000000083e6cce8) 
thrown [s\open\src\hotspot\share\interpreter\linkResolver.cpp, line 759]
Event: 11.380 Thread 0x0000020d20ad1e70 Exception <a 'java/io/FileNotFoundException'{0x0000000088f92618}> (0x0000000088f92618) 
thrown [s\open\src\hotspot\share\prims\jni.cpp, line 516]
Event: 11.381 Thread 0x0000020d20ad1e70 Exception <a 'java/io/FileNotFoundException'{0x0000000088f93bb0}> (0x0000000088f93bb0) 
thrown [s\open\src\hotspot\share\prims\jni.cpp, line 516]
Event: 11.526 Thread 0x0000020d20ad1e70 Exception <a 'java/lang/NoSuchMethodError'{0x0000000088d9e1d0}: 'int java.lang.invoke.DirectMethodHandle$Holder.invokeInterface(java.lang.Object, java.lang.Object, java.lang.Object, java.lang.Object)'> (0x0000000088d9e1d0) 
thrown [s\open\src\hotspot\share\interpreter\linkResolver.cpp, line 759]
Event: 11.750 Thread 0x0000020d20ad1e70 Exception <a 'java/lang/NoSuchMethodError'{0x000000008435e5f8}: 'long java.lang.invoke.DirectMethodHandle$Holder.invokeVirtual(java.lang.Object, java.lang.Object)'> (0x000000008435e5f8) 
thrown [s\open\src\hotspot\share\interpreter\linkResolver.cpp, line 759]
Event: 11.762 Thread 0x0000020d20ad1e70 Exception <a 'java/io/FileNotFoundException'{0x0000000084391230}> (0x0000000084391230) 
thrown [s\open\src\hotspot\share\prims\jni.cpp, line 516]
Event: 12.347 Thread 0x0000020d20ad1e70 Implicit null exception at 0x0000020d2ffb644b to 0x0000020d2ffb6900
Event: 13.884 Thread 0x0000020d20ad1e70 Implicit null exception at 0x0000020d3004aa6d to 0x0000020d3004b034
Event: 14.598 Thread 0x0000020d20ad1e70 Exception <a 'java/lang/NoSuchMethodError'{0x0000000083ff4b50}: 'java.lang.Object java.lang.invoke.DirectMethodHandle$Holder.invokeStaticInit(java.lang.Object, java.lang.Object, java.lang.Object, java.lang.Object)'> (0x0000000083ff4b50) 
thrown [s\open\src\hotspot\share\interpreter\linkResolver.cpp, line 759]
Event: 15.121 Thread 0x0000020d20ad1e70 Exception <a 'java/lang/NoSuchMethodError'{0x0000000088f307d8}: 'java.lang.Object java.lang.invoke.DirectMethodHandle$Holder.newInvokeSpecial(java.lang.Object, java.lang.Object, int, java.lang.Object, java.lang.Object)'> (0x0000000088f307d8) 
thrown [s\open\src\hotspot\share\interpreter\linkResolver.cpp, line 759]
Event: 16.203 Thread 0x0000020d20ad1e70 Exception <a 'java/lang/NoSuchMethodError'{0x0000000088c2e0b0}: 'void java.lang.invoke.DirectMethodHandle$Holder.invokeInterface(java.lang.Object, java.lang.Object)'> (0x0000000088c2e0b0) 
thrown [s\open\src\hotspot\share\interpreter\linkResolver.cpp, line 759]
Event: 16.210 Thread 0x0000020d20ad1e70 Exception <a 'java/lang/NoSuchMethodError'{0x0000000088c4c008}: 'int java.lang.invoke.DirectMethodHandle$Holder.invokeStatic(java.lang.Object, java.lang.Object, int)'> (0x0000000088c4c008) 
thrown [s\open\src\hotspot\share\interpreter\linkResolver.cpp, line 759]
Event: 16.240 Thread 0x0000020d20ad1e70 Exception <a 'java/lang/NoSuchMethodError'{0x0000000088cf1d78}: 'java.lang.Object java.lang.invoke.DirectMethodHandle$Holder.invokeStaticInit(java.lang.Object, java.lang.Object, java.lang.Object, java.lang.Object, int, int)'> (0x0000000088cf1d78) 
thrown [s\open\src\hotspot\share\interpreter\linkResolver.cpp, line 759]

VM Operations (20 events):
Event: 13.682 Executing VM operation: Cleanup
Event: 13.682 Executing VM operation: Cleanup done
Event: 13.987 Executing VM operation: G1CollectForAllocation
Event: 13.995 Executing VM operation: G1CollectForAllocation done
Event: 14.315 Executing VM operation: HandshakeAllThreads
Event: 14.315 Executing VM operation: HandshakeAllThreads done
Event: 14.451 Executing VM operation: HandshakeAllThreads
Event: 14.452 Executing VM operation: HandshakeAllThreads done
Event: 14.489 Executing VM operation: HandshakeAllThreads
Event: 14.489 Executing VM operation: HandshakeAllThreads done
Event: 14.618 Executing VM operation: HandshakeAllThreads
Event: 14.622 Executing VM operation: HandshakeAllThreads done
Event: 15.040 Executing VM operation: G1CollectForAllocation
Event: 15.046 Executing VM operation: G1CollectForAllocation done
Event: 16.007 Executing VM operation: G1CollectForAllocation
Event: 16.013 Executing VM operation: G1CollectForAllocation done
Event: 16.582 Executing VM operation: ICBufferFull
Event: 16.582 Executing VM operation: ICBufferFull done
Event: 16.630 Executing VM operation: HandshakeAllThreads
Event: 16.630 Executing VM operation: HandshakeAllThreads done

Events (20 events):
Event: 16.273 loading class java/io/ObjectInputValidation done
Event: 16.273 loading class java/io/NotActiveException
Event: 16.273 loading class java/io/NotActiveException done
Event: 16.273 loading class java/io/ObjectInputFilter
Event: 16.274 loading class java/io/ObjectInputFilter done
Event: 16.275 loading class java/io/ObjectInputFilter$FilterInfo
Event: 16.275 loading class java/io/ObjectInputFilter$FilterInfo done
Event: 16.275 loading class java/io/ObjectInputFilter$Status
Event: 16.275 loading class java/io/ObjectInputFilter$Status done
Event: 16.455 loading class java/util/TimerTask
Event: 16.455 loading class java/util/TimerTask done
Event: 16.556 loading class javax/naming/Reference
Event: 16.556 loading class javax/naming/Reference done
Event: 16.574 Thread 0x0000020d40394140 Thread added: 0x0000020d40394140
Event: 16.623 loading class java/util/Base64
Event: 16.623 loading class java/util/Base64 done
Event: 16.623 loading class java/util/Base64$Encoder
Event: 16.623 loading class java/util/Base64$Encoder done
Event: 16.629 loading class java/nio/StringCharBuffer
Event: 16.630 loading class java/nio/StringCharBuffer done


Dynamic libraries:
0x00007ff75b3d0000 - 0x00007ff75b3e0000 	C:\Program Files\Java\jdk-17\bin\java.exe
0x00007ffed2a30000 - 0x00007ffed2c28000 	C:\Windows\SYSTEM32\ntdll.dll
0x00007ffed0ef0000 - 0x00007ffed0fad000 	C:\Windows\System32\KERNEL32.DLL
0x00007ffed03c0000 - 0x00007ffed06b6000 	C:\Windows\System32\KERNELBASE.dll
0x00007ffed0100000 - 0x00007ffed0200000 	C:\Windows\System32\ucrtbase.dll
0x00007ffec9900000 - 0x00007ffec991b000 	C:\Program Files\Java\jdk-17\bin\VCRUNTIME140.dll
0x00007ffeca560000 - 0x00007ffeca579000 	C:\Program Files\Java\jdk-17\bin\jli.dll
0x00007ffed2930000 - 0x00007ffed29e3000 	C:\Windows\System32\ADVAPI32.dll
0x00007ffed1480000 - 0x00007ffed151e000 	C:\Windows\System32\msvcrt.dll
0x00007ffed1520000 - 0x00007ffed15bf000 	C:\Windows\System32\sechost.dll
0x00007ffed0fb0000 - 0x00007ffed10d6000 	C:\Windows\System32\RPCRT4.dll
0x00007ffed0200000 - 0x00007ffed0227000 	C:\Windows\System32\bcrypt.dll
0x00007ffed1170000 - 0x00007ffed130e000 	C:\Windows\System32\USER32.dll
0x00007ffed0390000 - 0x00007ffed03b2000 	C:\Windows\System32\win32u.dll
0x00007ffed2900000 - 0x00007ffed292c000 	C:\Windows\System32\GDI32.dll
0x00007ffed0750000 - 0x00007ffed086a000 	C:\Windows\System32\gdi32full.dll
0x00007ffed09e0000 - 0x00007ffed0a7d000 	C:\Windows\System32\msvcp_win.dll
0x00007ffeb1410000 - 0x00007ffeb16aa000 	C:\Windows\WinSxS\amd64_microsoft.windows.common-controls_6595b64144ccf1df_6.0.19041.3636_none_60b6a03d71f818d5\COMCTL32.dll
0x00007ffeca4a0000 - 0x00007ffeca4aa000 	C:\Windows\SYSTEM32\VERSION.dll
0x00007ffed1320000 - 0x00007ffed1350000 	C:\Windows\System32\IMM32.DLL
0x00007ffecbf60000 - 0x00007ffecbf6c000 	C:\Program Files\Java\jdk-17\bin\vcruntime140_1.dll
0x00007ffec6f10000 - 0x00007ffec6f9e000 	C:\Program Files\Java\jdk-17\bin\msvcp140.dll
0x00007ffe8e8e0000 - 0x00007ffe8f4bd000 	C:\Program Files\Java\jdk-17\bin\server\jvm.dll
0x00007ffed1620000 - 0x00007ffed1628000 	C:\Windows\System32\PSAPI.DLL
0x00007ffeaec90000 - 0x00007ffeaec99000 	C:\Windows\SYSTEM32\WSOCK32.dll
0x00007ffed2070000 - 0x00007ffed20db000 	C:\Windows\System32\WS2_32.dll
0x00007ffec0550000 - 0x00007ffec0577000 	C:\Windows\SYSTEM32\WINMM.dll
0x00007ffecdf60000 - 0x00007ffecdf72000 	C:\Windows\SYSTEM32\kernel.appcore.dll
0x00007ffec98f0000 - 0x00007ffec98fa000 	C:\Program Files\Java\jdk-17\bin\jimage.dll
0x00007ffec7da0000 - 0x00007ffec7f84000 	C:\Windows\SYSTEM32\DBGHELP.DLL
0x00007ffec7ce0000 - 0x00007ffec7d14000 	C:\Windows\SYSTEM32\dbgcore.DLL
0x00007ffed06c0000 - 0x00007ffed0742000 	C:\Windows\System32\bcryptPrimitives.dll
0x00007ffec7410000 - 0x00007ffec741e000 	C:\Program Files\Java\jdk-17\bin\instrument.dll
0x00007ffec72c0000 - 0x00007ffec72e5000 	C:\Program Files\Java\jdk-17\bin\java.dll
0x00007ffead0b0000 - 0x00007ffead187000 	C:\Program Files\Java\jdk-17\bin\jsvml.dll
0x00007ffed20e0000 - 0x00007ffed2825000 	C:\Windows\System32\SHELL32.dll
0x00007ffece170000 - 0x00007ffece90b000 	C:\Windows\SYSTEM32\windows.storage.dll
0x00007ffed0a80000 - 0x00007ffed0dd4000 	C:\Windows\System32\combase.dll
0x00007ffecfb30000 - 0x00007ffecfb5d000 	C:\Windows\SYSTEM32\Wldp.dll
0x00007ffed1690000 - 0x00007ffed173d000 	C:\Windows\System32\SHCORE.dll
0x00007ffed1630000 - 0x00007ffed1685000 	C:\Windows\System32\shlwapi.dll
0x00007ffed0030000 - 0x00007ffed0055000 	C:\Windows\SYSTEM32\profapi.dll
0x00007ffec6eb0000 - 0x00007ffec6ec8000 	C:\Program Files\Java\jdk-17\bin\zip.dll
0x00007ffec72a0000 - 0x00007ffec72b9000 	C:\Program Files\Java\jdk-17\bin\net.dll
0x00007ffec7f90000 - 0x00007ffec809a000 	C:\Windows\SYSTEM32\WINHTTP.dll
0x00007ffecf890000 - 0x00007ffecf8fa000 	C:\Windows\system32\mswsock.dll
0x00007ffec7280000 - 0x00007ffec7296000 	C:\Program Files\Java\jdk-17\bin\nio.dll
0x00007ffec73a0000 - 0x00007ffec73ba000 	C:\IntelliJ IDEA Community Edition 2023.1.1\bin\breakgen64.dll
0x00007ffec7470000 - 0x00007ffec7480000 	C:\Program Files\Java\jdk-17\bin\verify.dll
0x00007ffec7270000 - 0x00007ffec727a000 	C:\Program Files\Java\jdk-17\bin\management.dll
0x00007ffec7130000 - 0x00007ffec713b000 	C:\Program Files\Java\jdk-17\bin\management_ext.dll
0x00007ffeb4b00000 - 0x00007ffeb4b17000 	C:\Windows\system32\napinsp.dll
0x00007ffeb49e0000 - 0x00007ffeb49fb000 	C:\Windows\system32\pnrpnsp.dll
0x00007ffecb4b0000 - 0x00007ffecb4c5000 	C:\Windows\system32\wshbth.dll
0x00007ffeca530000 - 0x00007ffeca54d000 	C:\Windows\system32\NLAapi.dll
0x00007ffecf510000 - 0x00007ffecf54b000 	C:\Windows\SYSTEM32\IPHLPAPI.DLL
0x00007ffecf550000 - 0x00007ffecf61a000 	C:\Windows\SYSTEM32\DNSAPI.dll
0x00007ffed1740000 - 0x00007ffed1748000 	C:\Windows\System32\NSI.dll
0x00007ffeb49c0000 - 0x00007ffeb49d2000 	C:\Windows\System32\winrnr.dll
0x00007ffec6260000 - 0x00007ffec626a000 	C:\Windows\System32\rasadhlp.dll
0x00007ffec65f0000 - 0x00007ffec6670000 	C:\Windows\System32\fwpuclnt.dll
0x00007ffecfa80000 - 0x00007ffecfa98000 	C:\Windows\SYSTEM32\CRYPTSP.dll
0x00007ffecf110000 - 0x00007ffecf144000 	C:\Windows\system32\rsaenh.dll
0x00007ffecfff0000 - 0x00007ffed001e000 	C:\Windows\SYSTEM32\USERENV.dll
0x00007ffecfaa0000 - 0x00007ffecfaac000 	C:\Windows\SYSTEM32\CRYPTBASE.dll
0x00007ffec9290000 - 0x00007ffec92a7000 	C:\Windows\SYSTEM32\dhcpcsvc6.DLL
0x00007ffec9270000 - 0x00007ffec928d000 	C:\Windows\SYSTEM32\dhcpcsvc.DLL
0x00007ffec7100000 - 0x00007ffec710d000 	C:\Program Files\Java\jdk-17\bin\sunmscapi.dll
0x00007ffed0230000 - 0x00007ffed038d000 	C:\Windows\System32\CRYPT32.dll
0x00007ffecfba0000 - 0x00007ffecfbc8000 	C:\Windows\SYSTEM32\ncrypt.dll
0x00007ffecfb60000 - 0x00007ffecfb9b000 	C:\Windows\SYSTEM32\NTASN1.dll

dbghelp: loaded successfully - version: 4.0.5 - missing functions: none
symbol engine: initialized successfully - sym options: 0x614 - pdb path: .;C:\Program Files\Java\jdk-17\bin;C:\Windows\SYSTEM32;C:\Windows\WinSxS\amd64_microsoft.windows.common-controls_6595b64144ccf1df_6.0.19041.3636_none_60b6a03d71f818d5;C:\Program Files\Java\jdk-17\bin\server;C:\IntelliJ IDEA Community Edition 2023.1.1\bin

VM Arguments:
jvm_args: -javaagent:C:\IntelliJ IDEA Community Edition 2023.1.1\lib\idea_rt.jar=65261:C:\IntelliJ IDEA Community Edition 2023.1.1\bin -Dfile.encoding=UTF-8 
java_command: com.example.Account.AccountApplication
java_class_path (initial): C:\Users\thsu1\Downloads\Account\Account\out\production\classes;C:\Users\thsu1\Downloads\Account\Account\out\production\resources;C:\Users\thsu1\.gradle\caches\modules-2\files-2.1\org.springframework.boot\spring-boot-starter-data-jpa\2.7.14\ad7d3be24a386ec45ce020b8922e9d056f7a6835\spring-boot-starter-data-jpa-2.7.14.jar;C:\Users\thsu1\.gradle\caches\modules-2\files-2.1\org.springframework.boot\spring-boot-starter-validation\2.7.14\6e88ca463b6d7294f3206da9a57a645ca41b9665\spring-boot-starter-validation-2.7.14.jar;C:\Users\thsu1\.gradle\caches\modules-2\files-2.1\org.springframework.boot\spring-boot-starter-web\2.7.14\300b311c5fb98a2ee547df33a9d37782dddb496e\spring-boot-starter-web-2.7.14.jar;C:\Users\thsu1\.gradle\caches\modules-2\files-2.1\org.springframework.boot\spring-boot-starter-security\2.7.14\bfad63e7348a3f4d76b36c5ae87a5c582175a159\spring-boot-starter-security-2.7.14.jar;C:\Users\thsu1\.gradle\caches\modules-2\files-2.1\io.jsonwebtoken\jjwt\0.9.1\54d2abfc3e63a28824d35bf600d6a5d627da681a\jjwt-0.9.1.jar;C:\Users\thsu1\.gradle\caches\modules-2\files-2.1\io.springfox\springfox-swagger2\2.9.2\362676bc7f4c6f9f1d568741becab0dfc198c898\springfox-swagger2-2.9.2.jar;C:\Users\thsu1\.gradle\caches\modules-2\files-2.1\io.springfox\springfox-swagger-ui\2.9.2\d542382a88ff3ea8d4032c28b2b0325797fada7d\springfox-swagger-ui-2.9.2.jar;C:\Users\thsu1\.gradle\caches\modules-2\files-2.1\org.redisson\redisson\3.17.1\6a881e06fe7c2570b3e5437e88d30cc6be423cb9\redisson-3.17.1.jar;C:\Users\thsu1\.gradle\caches\modules-2\files-2.1\it.ozimov\embedded-redis\0.7.3\c9379e3983506f35e548a574128b1e5c9fc636a2\embedded-redis-0.7.3.jar;C:\Users\thsu1\.gradle\caches\modules-2\files-2.1\org.springframework.boot\spring-boot-starter-aop\2.7.14\c4fb902f51ab09247de60c463761980d0d1a5888\spring-boot-starter-aop-2.7.14.jar;C:\Users\thsu1\.gradle\caches\modules-2\files-2.1\org.springframework.boot\spring-boot-starter-jdbc\2.7.14\80b80408b6b75ce0dc2833cb07fd1ce6620d1f3b\spring-bo
Launcher Type: SUN_STANDARD

[Global flags]
     intx CICompilerCount                          = 3                                         {product} {ergonomic}
     uint ConcGCThreads                            = 1                                         {product} {ergonomic}
     uint G1ConcRefinementThreads                  = 4                                         {product} {ergonomic}
   size_t G1HeapRegionSize                         = 1048576                                   {product} {ergonomic}
    uintx GCDrainStackTargetSize                   = 64                                        {product} {ergonomic}
   size_t InitialHeapSize                          = 134217728                                 {product} {ergonomic}
   size_t MarkStackSize                            = 4194304                                   {product} {ergonomic}
   size_t MaxHeapSize                              = 2126512128                                {product} {ergonomic}
   size_t MaxNewSize                               = 1275068416                                {product} {ergonomic}
   size_t MinHeapDeltaBytes                        = 1048576                                   {product} {ergonomic}
   size_t MinHeapSize                              = 8388608                                   {product} {ergonomic}
    uintx NonNMethodCodeHeapSize                   = 5832780                                {pd product} {ergonomic}
    uintx NonProfiledCodeHeapSize                  = 122912730                              {pd product} {ergonomic}
    uintx ProfiledCodeHeapSize                     = 122912730                              {pd product} {ergonomic}
    uintx ReservedCodeCacheSize                    = 251658240                              {pd product} {ergonomic}
     bool SegmentedCodeCache                       = true                                      {product} {ergonomic}
   size_t SoftMaxHeapSize                          = 2126512128                             {manageable} {ergonomic}
     bool UseCompressedClassPointers               = true                           {product lp64_product} {ergonomic}
     bool UseCompressedOops                        = true                           {product lp64_product} {ergonomic}
     bool UseG1GC                                  = true                                      {product} {ergonomic}
     bool UseLargePagesIndividualAllocation        = false                                  {pd product} {ergonomic}

Logging:
Log output configuration:
 #0: stdout all=warning uptime,level,tags
 #1: stderr all=off uptime,level,tags

Environment Variables:
JAVA_HOME=C:\01DevelopKits\jdk-11
PATH=C:\Program Files\Common Files\Oracle\Java\javapath;C:\01DevelopKits\app\oracle\product\11.2.0\server\bin;C:\Windows\system32;C:\Windows;C:\Windows\System32\Wbem;C:\Windows\System32\WindowsPowerShell\v1.0\;C:\Windows\System32\OpenSSH\;C:\01DevelopKits\jdk-11\bin;C:\Program Files\Git\cmd;C:\Program Files\MySQL\MySQL Shell 8.0\bin\;C:\Users\thsu1\AppData\Local\Microsoft\WindowsApps;;C:\Users\thsu1\AppData\Local\Programs\Microsoft VS Code\bin;C:\IntelliJ IDEA Community Edition 2023.1.1\bin;
USERNAME=thsu1
OS=Windows_NT
PROCESSOR_IDENTIFIER=Intel64 Family 6 Model 78 Stepping 3, GenuineIntel



---------------  S Y S T E M  ---------------

OS:
 Windows 10 , 64 bit Build 19041 (10.0.19041.3636)
OS uptime: 5 days 23:11 hours
Hyper-V role detected

CPU: total 4 (initial active 4) (2 cores per cpu, 2 threads per core) family 6 model 78 stepping 3 microcode 0xcc, cx8, cmov, fxsr, ht, mmx, 3dnowpref, sse, sse2, sse3, ssse3, sse4.1, sse4.2, popcnt, lzcnt, tsc, tscinvbit, avx, avx2, aes, erms, clmul, bmi1, bmi2, adx, fma, vzeroupper, clflush, clflushopt, hv

Memory: 4k page, system-wide physical 8108M (764M free)
TotalPageFile size 16166M (AvailPageFile size 5M)
current process WorkingSet (physical memory assigned to process): 209M, peak: 211M
current process commit charge ("private bytes"): 239M, peak: 263M

vm_info: Java HotSpot(TM) 64-Bit Server VM (17.0.7+8-LTS-224) for windows-amd64 JRE (17.0.7+8-LTS-224), built on Feb 28 2023 23:03:02 by "mach5one" with MS VC++ 17.1 (VS2022)

END.
