#
# There is insufficient memory for the Java Runtime Environment to continue.
# Native memory allocation (malloc) failed to allocate 574128 bytes for Chunk::new
# Possible reasons:
#   The system is out of physical RAM or swap space
#   The process is running with CompressedOops enabled, and the Java Heap may be blocking the growth of the native heap
# Possible solutions:
#   Reduce memory load on the system
#   Increase physical memory or swap space
#   Check if swap backing store is full
#   Decrease Java heap size (-Xmx/-Xms)
#   Decrease number of Java threads
#   Decrease Java thread stack sizes (-Xss)
#   Set larger code cache with -XX:ReservedCodeCacheSize=
#   JVM is running with Unscaled Compressed Oops mode in which the Java heap is
#     placed in the first 4GB address space. The Java Heap base address is the
#     maximum limit for the native heap growth. Please use -XX:HeapBaseMinAddress
#     to set the Java Heap base and to place the Java Heap above 4GB virtual address.
# This output file may be truncated or incomplete.
#
#  Out of Memory Error (arena.cpp:189), pid=11036, tid=7012
#
# JRE version: Java(TM) SE Runtime Environment (17.0.7+8) (build 17.0.7+8-LTS-224)
# Java VM: Java HotSpot(TM) 64-Bit Server VM (17.0.7+8-LTS-224, mixed mode, sharing, tiered, compressed oops, compressed class ptrs, g1 gc, windows-amd64)
# No core dump will be written. Minidumps are not enabled by default on client versions of Windows
#

---------------  S U M M A R Y ------------

Command Line: -javaagent:C:\IntelliJ IDEA Community Edition 2023.1.1\lib\idea_rt.jar=65284:C:\IntelliJ IDEA Community Edition 2023.1.1\bin -Dfile.encoding=UTF-8 com.example.Account.AccountApplication

Host: Intel(R) Core(TM) i5-6200U CPU @ 2.30GHz, 4 cores, 7G,  Windows 10 , 64 bit Build 19041 (10.0.19041.3636)
Time: Wed Jan 17 21:33:37 2024  Windows 10 , 64 bit Build 19041 (10.0.19041.3636) elapsed time: 1.262116 seconds (0d 0h 0m 1s)

---------------  T H R E A D  ---------------

Current thread (0x0000027282f1c7c0):  JavaThread "C2 CompilerThread1" daemon [_thread_in_native, id=7012, stack(0x000000e92e100000,0x000000e92e200000)]


Current CompileTask:
C2:   1262  508   !   4       jdk.internal.loader.URLClassPath$JarLoader::getResource (65 bytes)

Stack: [0x000000e92e100000,0x000000e92e200000]
Native frames: (J=compiled Java code, j=interpreted, Vv=VM code, C=native code)
V  [jvm.dll+0x676a4a]
V  [jvm.dll+0x7d74f4]
V  [jvm.dll+0x7d8c9e]
V  [jvm.dll+0x7d9303]
V  [jvm.dll+0x2452c5]
V  [jvm.dll+0xaaa2b]
V  [jvm.dll+0xaafcc]
V  [jvm.dll+0x36141e]
V  [jvm.dll+0x1bb55a]
V  [jvm.dll+0x217c27]
V  [jvm.dll+0x216f01]
V  [jvm.dll+0x1a35e0]
V  [jvm.dll+0x226a6e]
V  [jvm.dll+0x224e15]
V  [jvm.dll+0x78d05c]
V  [jvm.dll+0x78759a]
V  [jvm.dll+0x675875]
C  [ucrtbase.dll+0x21bb2]
C  [KERNEL32.DLL+0x17344]
C  [ntdll.dll+0x526b1]


---------------  P R O C E S S  ---------------

Threads class SMR info:
_java_thread_list=0x0000027282ef5670, length=14, elements={
0x00000272e3d50b50, 0x00000272ff5c55b0, 0x00000272ff5c68d0, 0x00000272ff5dbe10,
0x00000272ff5dd6e0, 0x00000272ff5e1760, 0x00000272ff5e5cc0, 0x00000272ff5e78a0,
0x00000272ff5e89f0, 0x00000272ff5fd6e0, 0x00000272ff5adaa0, 0x0000027282c97580,
0x0000027282c97a50, 0x0000027282f1c7c0
}

Java Threads: ( => current thread )
  0x00000272e3d50b50 JavaThread "main" [_thread_blocked, id=7704, stack(0x000000e92cc00000,0x000000e92cd00000)]
  0x00000272ff5c55b0 JavaThread "Reference Handler" daemon [_thread_blocked, id=11396, stack(0x000000e92d300000,0x000000e92d400000)]
  0x00000272ff5c68d0 JavaThread "Finalizer" daemon [_thread_blocked, id=6936, stack(0x000000e92d400000,0x000000e92d500000)]
  0x00000272ff5dbe10 JavaThread "Signal Dispatcher" daemon [_thread_blocked, id=6860, stack(0x000000e92d500000,0x000000e92d600000)]
  0x00000272ff5dd6e0 JavaThread "Attach Listener" daemon [_thread_blocked, id=7512, stack(0x000000e92d600000,0x000000e92d700000)]
  0x00000272ff5e1760 JavaThread "Service Thread" daemon [_thread_blocked, id=6096, stack(0x000000e92d700000,0x000000e92d800000)]
  0x00000272ff5e5cc0 JavaThread "Monitor Deflation Thread" daemon [_thread_blocked, id=13940, stack(0x000000e92d800000,0x000000e92d900000)]
  0x00000272ff5e78a0 JavaThread "C2 CompilerThread0" daemon [_thread_blocked, id=16128, stack(0x000000e92d900000,0x000000e92da00000)]
  0x00000272ff5e89f0 JavaThread "C1 CompilerThread0" daemon [_thread_blocked, id=10592, stack(0x000000e92da00000,0x000000e92db00000)]
  0x00000272ff5fd6e0 JavaThread "Sweeper thread" daemon [_thread_blocked, id=11688, stack(0x000000e92db00000,0x000000e92dc00000)]
  0x00000272ff5adaa0 JavaThread "Common-Cleaner" daemon [_thread_in_Java, id=10460, stack(0x000000e92dc00000,0x000000e92dd00000)]
  0x0000027282c97580 JavaThread "Monitor Ctrl-Break" daemon [_thread_in_native, id=8212, stack(0x000000e92dd00000,0x000000e92de00000)]
  0x0000027282c97a50 JavaThread "Notification Thread" daemon [_thread_blocked, id=12100, stack(0x000000e92de00000,0x000000e92df00000)]
=>0x0000027282f1c7c0 JavaThread "C2 CompilerThread1" daemon [_thread_in_native, id=7012, stack(0x000000e92e100000,0x000000e92e200000)]

Other Threads:
  0x00000272ff5bffd0 VMThread "VM Thread" [stack: 0x000000e92d200000,0x000000e92d300000] [id=7788]
  0x00000272e3dc6360 WatcherThread [stack: 0x000000e92df00000,0x000000e92e000000] [id=1784]
  0x00000272e3da98d0 GCTaskThread "GC Thread#0" [stack: 0x000000e92cd00000,0x000000e92ce00000] [id=356]
  0x000002728334fc20 GCTaskThread "GC Thread#1" [stack: 0x000000e92e000000,0x000000e92e100000] [id=12916]
  0x000002728334fed0 GCTaskThread "GC Thread#2" [stack: 0x000000e92e200000,0x000000e92e300000] [id=15276]
  0x000002728335da90 GCTaskThread "GC Thread#3" [stack: 0x0000000000000000,0x0000000000000000] [id=13404]
  0x00000272e3dbb8b0 ConcurrentGCThread "G1 Main Marker" [stack: 0x000000e92ce00000,0x000000e92cf00000] [id=14516]
  0x00000272e3dbc970 ConcurrentGCThread "G1 Conc#0" [stack: 0x000000e92cf00000,0x000000e92d000000] [id=8772]
  0x00000272e3e05630 ConcurrentGCThread "G1 Refine#0" [stack: 0x000000e92d000000,0x000000e92d100000] [id=8056]
  0x000002728340a5e0 ConcurrentGCThread "G1 Refine#1" [stack: 0x0000000000000000,0x0000000000000000] [id=7224]
  0x00000272e3e05e60 ConcurrentGCThread "G1 Service" [stack: 0x000000e92d100000,0x000000e92d200000] [id=3760]

Threads with active compile tasks:
C2 CompilerThread0     1333  677       4       java.lang.StringLatin1::inflate (34 bytes)
C2 CompilerThread1     1333  508   !   4       jdk.internal.loader.URLClassPath$JarLoader::getResource (65 bytes)

VM state: not at safepoint (normal execution)

VM Mutex/Monitor currently owned by a thread: None

Heap address: 0x0000000081400000, size: 2028 MB, Compressed Oops mode: 32-bit

CDS archive(s) mapped at: [0x0000000800000000-0x0000000800bd0000-0x0000000800bd0000), size 12386304, SharedBaseAddress: 0x0000000800000000, ArchiveRelocationMode: 0.
Compressed class space mapped at: 0x0000000800c00000-0x0000000840c00000, reserved size: 1073741824
Narrow klass base: 0x0000000800000000, Narrow klass shift: 0, Narrow klass range: 0x100000000

GC Precious Log:
 CPUs: 4 total, 4 available
 Memory: 8108M
 Large Page Support: Disabled
 NUMA Support: Disabled
 Compressed Oops: Enabled (32-bit)
 Heap Region Size: 1M
 Heap Min Capacity: 8M
 Heap Initial Capacity: 128M
 Heap Max Capacity: 2028M
 Pre-touch: Disabled
 Parallel Workers: 4
 Concurrent Workers: 1
 Concurrent Refinement Workers: 4
 Periodic GC: Disabled

Heap:
 garbage-first heap   total 131072K, used 7745K [0x0000000081400000, 0x0000000100000000)
  region size 1024K, 3 young (3072K), 2 survivors (2048K)
 Metaspace       used 2483K, committed 2688K, reserved 1056768K
  class space    used 213K, committed 320K, reserved 1048576K

Heap Regions: E=young(eden), S=young(survivor), O=old, HS=humongous(starts), HC=humongous(continues), CS=collection set, F=free, OA=open archive, CA=closed archive, TAMS=top-at-mark-start (previous, next)
|   0|0x0000000081400000, 0x0000000081500000, 0x0000000081500000|100%|HS|  |TAMS 0x0000000081400000, 0x0000000081400000| Complete 
|   1|0x0000000081500000, 0x0000000081600000, 0x0000000081600000|100%| O|  |TAMS 0x0000000081500000, 0x0000000081500000| Untracked 
|   2|0x0000000081600000, 0x0000000081700000, 0x0000000081700000|100%| O|  |TAMS 0x0000000081600000, 0x0000000081600000| Untracked 
|   3|0x0000000081700000, 0x0000000081800000, 0x0000000081800000|100%| O|  |TAMS 0x0000000081700000, 0x0000000081700000| Untracked 
|   4|0x0000000081800000, 0x0000000081900000, 0x0000000081900000|100%| O|  |TAMS 0x0000000081800000, 0x0000000081800000| Untracked 
|   5|0x0000000081900000, 0x0000000081990600, 0x0000000081a00000| 56%| O|  |TAMS 0x0000000081900000, 0x0000000081900000| Untracked 
|   6|0x0000000081a00000, 0x0000000081a00000, 0x0000000081b00000|  0%| F|  |TAMS 0x0000000081a00000, 0x0000000081a00000| Untracked 
|   7|0x0000000081b00000, 0x0000000081b00000, 0x0000000081c00000|  0%| F|  |TAMS 0x0000000081b00000, 0x0000000081b00000| Untracked 
|   8|0x0000000081c00000, 0x0000000081c00000, 0x0000000081d00000|  0%| F|  |TAMS 0x0000000081c00000, 0x0000000081c00000| Untracked 
|   9|0x0000000081d00000, 0x0000000081d00000, 0x0000000081e00000|  0%| F|  |TAMS 0x0000000081d00000, 0x0000000081d00000| Untracked 
|  10|0x0000000081e00000, 0x0000000081e00000, 0x0000000081f00000|  0%| F|  |TAMS 0x0000000081e00000, 0x0000000081e00000| Untracked 
|  11|0x0000000081f00000, 0x0000000081f00000, 0x0000000082000000|  0%| F|  |TAMS 0x0000000081f00000, 0x0000000081f00000| Untracked 
|  12|0x0000000082000000, 0x0000000082000000, 0x0000000082100000|  0%| F|  |TAMS 0x0000000082000000, 0x0000000082000000| Untracked 
|  13|0x0000000082100000, 0x0000000082100000, 0x0000000082200000|  0%| F|  |TAMS 0x0000000082100000, 0x0000000082100000| Untracked 
|  14|0x0000000082200000, 0x0000000082200000, 0x0000000082300000|  0%| F|  |TAMS 0x0000000082200000, 0x0000000082200000| Untracked 
|  15|0x0000000082300000, 0x0000000082300000, 0x0000000082400000|  0%| F|  |TAMS 0x0000000082300000, 0x0000000082300000| Untracked 
|  16|0x0000000082400000, 0x0000000082400000, 0x0000000082500000|  0%| F|  |TAMS 0x0000000082400000, 0x0000000082400000| Untracked 
|  17|0x0000000082500000, 0x0000000082500000, 0x0000000082600000|  0%| F|  |TAMS 0x0000000082500000, 0x0000000082500000| Untracked 
|  18|0x0000000082600000, 0x0000000082600000, 0x0000000082700000|  0%| F|  |TAMS 0x0000000082600000, 0x0000000082600000| Untracked 
|  19|0x0000000082700000, 0x0000000082700000, 0x0000000082800000|  0%| F|  |TAMS 0x0000000082700000, 0x0000000082700000| Untracked 
|  20|0x0000000082800000, 0x0000000082800000, 0x0000000082900000|  0%| F|  |TAMS 0x0000000082800000, 0x0000000082800000| Untracked 
|  21|0x0000000082900000, 0x0000000082900000, 0x0000000082a00000|  0%| F|  |TAMS 0x0000000082900000, 0x0000000082900000| Untracked 
|  22|0x0000000082a00000, 0x0000000082a00000, 0x0000000082b00000|  0%| F|  |TAMS 0x0000000082a00000, 0x0000000082a00000| Untracked 
|  23|0x0000000082b00000, 0x0000000082b00000, 0x0000000082c00000|  0%| F|  |TAMS 0x0000000082b00000, 0x0000000082b00000| Untracked 
|  24|0x0000000082c00000, 0x0000000082c00000, 0x0000000082d00000|  0%| F|  |TAMS 0x0000000082c00000, 0x0000000082c00000| Untracked 
|  25|0x0000000082d00000, 0x0000000082d00000, 0x0000000082e00000|  0%| F|  |TAMS 0x0000000082d00000, 0x0000000082d00000| Untracked 
|  26|0x0000000082e00000, 0x0000000082e00000, 0x0000000082f00000|  0%| F|  |TAMS 0x0000000082e00000, 0x0000000082e00000| Untracked 
|  27|0x0000000082f00000, 0x0000000082f00000, 0x0000000083000000|  0%| F|  |TAMS 0x0000000082f00000, 0x0000000082f00000| Untracked 
|  28|0x0000000083000000, 0x0000000083000000, 0x0000000083100000|  0%| F|  |TAMS 0x0000000083000000, 0x0000000083000000| Untracked 
|  29|0x0000000083100000, 0x0000000083100000, 0x0000000083200000|  0%| F|  |TAMS 0x0000000083100000, 0x0000000083100000| Untracked 
|  30|0x0000000083200000, 0x0000000083200000, 0x0000000083300000|  0%| F|  |TAMS 0x0000000083200000, 0x0000000083200000| Untracked 
|  31|0x0000000083300000, 0x0000000083300000, 0x0000000083400000|  0%| F|  |TAMS 0x0000000083300000, 0x0000000083300000| Untracked 
|  32|0x0000000083400000, 0x0000000083400000, 0x0000000083500000|  0%| F|  |TAMS 0x0000000083400000, 0x0000000083400000| Untracked 
|  33|0x0000000083500000, 0x0000000083500000, 0x0000000083600000|  0%| F|  |TAMS 0x0000000083500000, 0x0000000083500000| Untracked 
|  34|0x0000000083600000, 0x0000000083600000, 0x0000000083700000|  0%| F|  |TAMS 0x0000000083600000, 0x0000000083600000| Untracked 
|  35|0x0000000083700000, 0x0000000083700000, 0x0000000083800000|  0%| F|  |TAMS 0x0000000083700000, 0x0000000083700000| Untracked 
|  36|0x0000000083800000, 0x0000000083800000, 0x0000000083900000|  0%| F|  |TAMS 0x0000000083800000, 0x0000000083800000| Untracked 
|  37|0x0000000083900000, 0x0000000083900000, 0x0000000083a00000|  0%| F|  |TAMS 0x0000000083900000, 0x0000000083900000| Untracked 
|  38|0x0000000083a00000, 0x0000000083a00000, 0x0000000083b00000|  0%| F|  |TAMS 0x0000000083a00000, 0x0000000083a00000| Untracked 
|  39|0x0000000083b00000, 0x0000000083b00000, 0x0000000083c00000|  0%| F|  |TAMS 0x0000000083b00000, 0x0000000083b00000| Untracked 
|  40|0x0000000083c00000, 0x0000000083c00000, 0x0000000083d00000|  0%| F|  |TAMS 0x0000000083c00000, 0x0000000083c00000| Untracked 
|  41|0x0000000083d00000, 0x0000000083d00000, 0x0000000083e00000|  0%| F|  |TAMS 0x0000000083d00000, 0x0000000083d00000| Untracked 
|  42|0x0000000083e00000, 0x0000000083e00000, 0x0000000083f00000|  0%| F|  |TAMS 0x0000000083e00000, 0x0000000083e00000| Untracked 
|  43|0x0000000083f00000, 0x0000000083f00000, 0x0000000084000000|  0%| F|  |TAMS 0x0000000083f00000, 0x0000000083f00000| Untracked 
|  44|0x0000000084000000, 0x0000000084000000, 0x0000000084100000|  0%| F|  |TAMS 0x0000000084000000, 0x0000000084000000| Untracked 
|  45|0x0000000084100000, 0x0000000084100000, 0x0000000084200000|  0%| F|  |TAMS 0x0000000084100000, 0x0000000084100000| Untracked 
|  46|0x0000000084200000, 0x0000000084200000, 0x0000000084300000|  0%| F|  |TAMS 0x0000000084200000, 0x0000000084200000| Untracked 
|  47|0x0000000084300000, 0x0000000084300000, 0x0000000084400000|  0%| F|  |TAMS 0x0000000084300000, 0x0000000084300000| Untracked 
|  48|0x0000000084400000, 0x0000000084400000, 0x0000000084500000|  0%| F|  |TAMS 0x0000000084400000, 0x0000000084400000| Untracked 
|  49|0x0000000084500000, 0x0000000084500000, 0x0000000084600000|  0%| F|  |TAMS 0x0000000084500000, 0x0000000084500000| Untracked 
|  50|0x0000000084600000, 0x0000000084600000, 0x0000000084700000|  0%| F|  |TAMS 0x0000000084600000, 0x0000000084600000| Untracked 
|  51|0x0000000084700000, 0x0000000084700000, 0x0000000084800000|  0%| F|  |TAMS 0x0000000084700000, 0x0000000084700000| Untracked 
|  52|0x0000000084800000, 0x0000000084800000, 0x0000000084900000|  0%| F|  |TAMS 0x0000000084800000, 0x0000000084800000| Untracked 
|  53|0x0000000084900000, 0x0000000084900000, 0x0000000084a00000|  0%| F|  |TAMS 0x0000000084900000, 0x0000000084900000| Untracked 
|  54|0x0000000084a00000, 0x0000000084a00000, 0x0000000084b00000|  0%| F|  |TAMS 0x0000000084a00000, 0x0000000084a00000| Untracked 
|  55|0x0000000084b00000, 0x0000000084b00000, 0x0000000084c00000|  0%| F|  |TAMS 0x0000000084b00000, 0x0000000084b00000| Untracked 
|  56|0x0000000084c00000, 0x0000000084c00000, 0x0000000084d00000|  0%| F|  |TAMS 0x0000000084c00000, 0x0000000084c00000| Untracked 
|  57|0x0000000084d00000, 0x0000000084d00000, 0x0000000084e00000|  0%| F|  |TAMS 0x0000000084d00000, 0x0000000084d00000| Untracked 
|  58|0x0000000084e00000, 0x0000000084e00000, 0x0000000084f00000|  0%| F|  |TAMS 0x0000000084e00000, 0x0000000084e00000| Untracked 
|  59|0x0000000084f00000, 0x0000000084f00000, 0x0000000085000000|  0%| F|  |TAMS 0x0000000084f00000, 0x0000000084f00000| Untracked 
|  60|0x0000000085000000, 0x0000000085000000, 0x0000000085100000|  0%| F|  |TAMS 0x0000000085000000, 0x0000000085000000| Untracked 
|  61|0x0000000085100000, 0x0000000085100000, 0x0000000085200000|  0%| F|  |TAMS 0x0000000085100000, 0x0000000085100000| Untracked 
|  62|0x0000000085200000, 0x0000000085200000, 0x0000000085300000|  0%| F|  |TAMS 0x0000000085200000, 0x0000000085200000| Untracked 
|  63|0x0000000085300000, 0x0000000085300000, 0x0000000085400000|  0%| F|  |TAMS 0x0000000085300000, 0x0000000085300000| Untracked 
|  64|0x0000000085400000, 0x0000000085400000, 0x0000000085500000|  0%| F|  |TAMS 0x0000000085400000, 0x0000000085400000| Untracked 
|  65|0x0000000085500000, 0x0000000085500000, 0x0000000085600000|  0%| F|  |TAMS 0x0000000085500000, 0x0000000085500000| Untracked 
|  66|0x0000000085600000, 0x0000000085600000, 0x0000000085700000|  0%| F|  |TAMS 0x0000000085600000, 0x0000000085600000| Untracked 
|  67|0x0000000085700000, 0x0000000085700000, 0x0000000085800000|  0%| F|  |TAMS 0x0000000085700000, 0x0000000085700000| Untracked 
|  68|0x0000000085800000, 0x0000000085800000, 0x0000000085900000|  0%| F|  |TAMS 0x0000000085800000, 0x0000000085800000| Untracked 
|  69|0x0000000085900000, 0x0000000085900000, 0x0000000085a00000|  0%| F|  |TAMS 0x0000000085900000, 0x0000000085900000| Untracked 
|  70|0x0000000085a00000, 0x0000000085a00000, 0x0000000085b00000|  0%| F|  |TAMS 0x0000000085a00000, 0x0000000085a00000| Untracked 
|  71|0x0000000085b00000, 0x0000000085b00000, 0x0000000085c00000|  0%| F|  |TAMS 0x0000000085b00000, 0x0000000085b00000| Untracked 
|  72|0x0000000085c00000, 0x0000000085c00000, 0x0000000085d00000|  0%| F|  |TAMS 0x0000000085c00000, 0x0000000085c00000| Untracked 
|  73|0x0000000085d00000, 0x0000000085d00000, 0x0000000085e00000|  0%| F|  |TAMS 0x0000000085d00000, 0x0000000085d00000| Untracked 
|  74|0x0000000085e00000, 0x0000000085e00000, 0x0000000085f00000|  0%| F|  |TAMS 0x0000000085e00000, 0x0000000085e00000| Untracked 
|  75|0x0000000085f00000, 0x0000000085f00000, 0x0000000086000000|  0%| F|  |TAMS 0x0000000085f00000, 0x0000000085f00000| Untracked 
|  76|0x0000000086000000, 0x0000000086000000, 0x0000000086100000|  0%| F|  |TAMS 0x0000000086000000, 0x0000000086000000| Untracked 
|  77|0x0000000086100000, 0x0000000086100000, 0x0000000086200000|  0%| F|  |TAMS 0x0000000086100000, 0x0000000086100000| Untracked 
|  78|0x0000000086200000, 0x0000000086200000, 0x0000000086300000|  0%| F|  |TAMS 0x0000000086200000, 0x0000000086200000| Untracked 
|  79|0x0000000086300000, 0x0000000086300000, 0x0000000086400000|  0%| F|  |TAMS 0x0000000086300000, 0x0000000086300000| Untracked 
|  80|0x0000000086400000, 0x0000000086400000, 0x0000000086500000|  0%| F|  |TAMS 0x0000000086400000, 0x0000000086400000| Untracked 
|  81|0x0000000086500000, 0x0000000086500000, 0x0000000086600000|  0%| F|  |TAMS 0x0000000086500000, 0x0000000086500000| Untracked 
|  82|0x0000000086600000, 0x0000000086600000, 0x0000000086700000|  0%| F|  |TAMS 0x0000000086600000, 0x0000000086600000| Untracked 
|  83|0x0000000086700000, 0x0000000086700000, 0x0000000086800000|  0%| F|  |TAMS 0x0000000086700000, 0x0000000086700000| Untracked 
|  84|0x0000000086800000, 0x0000000086800000, 0x0000000086900000|  0%| F|  |TAMS 0x0000000086800000, 0x0000000086800000| Untracked 
|  85|0x0000000086900000, 0x0000000086900000, 0x0000000086a00000|  0%| F|  |TAMS 0x0000000086900000, 0x0000000086900000| Untracked 
|  86|0x0000000086a00000, 0x0000000086a00000, 0x0000000086b00000|  0%| F|  |TAMS 0x0000000086a00000, 0x0000000086a00000| Untracked 
|  87|0x0000000086b00000, 0x0000000086b00000, 0x0000000086c00000|  0%| F|  |TAMS 0x0000000086b00000, 0x0000000086b00000| Untracked 
|  88|0x0000000086c00000, 0x0000000086c00000, 0x0000000086d00000|  0%| F|  |TAMS 0x0000000086c00000, 0x0000000086c00000| Untracked 
|  89|0x0000000086d00000, 0x0000000086d00000, 0x0000000086e00000|  0%| F|  |TAMS 0x0000000086d00000, 0x0000000086d00000| Untracked 
|  90|0x0000000086e00000, 0x0000000086e00000, 0x0000000086f00000|  0%| F|  |TAMS 0x0000000086e00000, 0x0000000086e00000| Untracked 
|  91|0x0000000086f00000, 0x0000000086f00000, 0x0000000087000000|  0%| F|  |TAMS 0x0000000086f00000, 0x0000000086f00000| Untracked 
|  92|0x0000000087000000, 0x0000000087000000, 0x0000000087100000|  0%| F|  |TAMS 0x0000000087000000, 0x0000000087000000| Untracked 
|  93|0x0000000087100000, 0x0000000087100000, 0x0000000087200000|  0%| F|  |TAMS 0x0000000087100000, 0x0000000087100000| Untracked 
|  94|0x0000000087200000, 0x0000000087200000, 0x0000000087300000|  0%| F|  |TAMS 0x0000000087200000, 0x0000000087200000| Untracked 
|  95|0x0000000087300000, 0x0000000087300000, 0x0000000087400000|  0%| F|  |TAMS 0x0000000087300000, 0x0000000087300000| Untracked 
|  96|0x0000000087400000, 0x0000000087400000, 0x0000000087500000|  0%| F|  |TAMS 0x0000000087400000, 0x0000000087400000| Untracked 
|  97|0x0000000087500000, 0x0000000087500000, 0x0000000087600000|  0%| F|  |TAMS 0x0000000087500000, 0x0000000087500000| Untracked 
|  98|0x0000000087600000, 0x0000000087600000, 0x0000000087700000|  0%| F|  |TAMS 0x0000000087600000, 0x0000000087600000| Untracked 
|  99|0x0000000087700000, 0x0000000087700000, 0x0000000087800000|  0%| F|  |TAMS 0x0000000087700000, 0x0000000087700000| Untracked 
| 100|0x0000000087800000, 0x0000000087800000, 0x0000000087900000|  0%| F|  |TAMS 0x0000000087800000, 0x0000000087800000| Untracked 
| 101|0x0000000087900000, 0x0000000087900000, 0x0000000087a00000|  0%| F|  |TAMS 0x0000000087900000, 0x0000000087900000| Untracked 
| 102|0x0000000087a00000, 0x0000000087a00000, 0x0000000087b00000|  0%| F|  |TAMS 0x0000000087a00000, 0x0000000087a00000| Untracked 
| 103|0x0000000087b00000, 0x0000000087b00000, 0x0000000087c00000|  0%| F|  |TAMS 0x0000000087b00000, 0x0000000087b00000| Untracked 
| 104|0x0000000087c00000, 0x0000000087c00000, 0x0000000087d00000|  0%| F|  |TAMS 0x0000000087c00000, 0x0000000087c00000| Untracked 
| 105|0x0000000087d00000, 0x0000000087d00000, 0x0000000087e00000|  0%| F|  |TAMS 0x0000000087d00000, 0x0000000087d00000| Untracked 
| 106|0x0000000087e00000, 0x0000000087e00000, 0x0000000087f00000|  0%| F|  |TAMS 0x0000000087e00000, 0x0000000087e00000| Untracked 
| 107|0x0000000087f00000, 0x0000000087f00000, 0x0000000088000000|  0%| F|  |TAMS 0x0000000087f00000, 0x0000000087f00000| Untracked 
| 108|0x0000000088000000, 0x0000000088000000, 0x0000000088100000|  0%| F|  |TAMS 0x0000000088000000, 0x0000000088000000| Untracked 
| 109|0x0000000088100000, 0x0000000088100000, 0x0000000088200000|  0%| F|  |TAMS 0x0000000088100000, 0x0000000088100000| Untracked 
| 110|0x0000000088200000, 0x0000000088200000, 0x0000000088300000|  0%| F|  |TAMS 0x0000000088200000, 0x0000000088200000| Untracked 
| 111|0x0000000088300000, 0x0000000088300000, 0x0000000088400000|  0%| F|  |TAMS 0x0000000088300000, 0x0000000088300000| Untracked 
| 112|0x0000000088400000, 0x0000000088400000, 0x0000000088500000|  0%| F|  |TAMS 0x0000000088400000, 0x0000000088400000| Untracked 
| 113|0x0000000088500000, 0x0000000088600000, 0x0000000088600000|100%| S|CS|TAMS 0x0000000088500000, 0x0000000088500000| Complete 
| 114|0x0000000088600000, 0x0000000088700000, 0x0000000088700000|100%| S|CS|TAMS 0x0000000088600000, 0x0000000088600000| Complete 
| 115|0x0000000088700000, 0x0000000088700000, 0x0000000088800000|  0%| F|  |TAMS 0x0000000088700000, 0x0000000088700000| Untracked 
| 116|0x0000000088800000, 0x0000000088800000, 0x0000000088900000|  0%| F|  |TAMS 0x0000000088800000, 0x0000000088800000| Untracked 
| 117|0x0000000088900000, 0x0000000088900000, 0x0000000088a00000|  0%| F|  |TAMS 0x0000000088900000, 0x0000000088900000| Untracked 
| 118|0x0000000088a00000, 0x0000000088a00000, 0x0000000088b00000|  0%| F|  |TAMS 0x0000000088a00000, 0x0000000088a00000| Untracked 
| 119|0x0000000088b00000, 0x0000000088b00000, 0x0000000088c00000|  0%| F|  |TAMS 0x0000000088b00000, 0x0000000088b00000| Untracked 
| 120|0x0000000088c00000, 0x0000000088c00000, 0x0000000088d00000|  0%| F|  |TAMS 0x0000000088c00000, 0x0000000088c00000| Untracked 
| 121|0x0000000088d00000, 0x0000000088d00000, 0x0000000088e00000|  0%| F|  |TAMS 0x0000000088d00000, 0x0000000088d00000| Untracked 
| 122|0x0000000088e00000, 0x0000000088e00000, 0x0000000088f00000|  0%| F|  |TAMS 0x0000000088e00000, 0x0000000088e00000| Untracked 
| 123|0x0000000088f00000, 0x0000000088f00000, 0x0000000089000000|  0%| F|  |TAMS 0x0000000088f00000, 0x0000000088f00000| Untracked 
| 124|0x0000000089000000, 0x0000000089000000, 0x0000000089100000|  0%| F|  |TAMS 0x0000000089000000, 0x0000000089000000| Untracked 
| 125|0x0000000089100000, 0x0000000089100000, 0x0000000089200000|  0%| F|  |TAMS 0x0000000089100000, 0x0000000089100000| Untracked 
| 126|0x0000000089200000, 0x0000000089200000, 0x0000000089300000|  0%| F|  |TAMS 0x0000000089200000, 0x0000000089200000| Untracked 
| 127|0x0000000089300000, 0x000000008937cb78, 0x0000000089400000| 48%| E|  |TAMS 0x0000000089300000, 0x0000000089300000| Complete 

Card table byte_map: [0x00000272fa9c0000,0x00000272fadc0000] _byte_map_base: 0x00000272fa5b6000

Marking Bits (Prev, Next): (CMBitMap*) 0x00000272e3dab200, (CMBitMap*) 0x00000272e3dab240
 Prev Bits: [0x00000272fb1c0000, 0x00000272fd170000)
 Next Bits: [0x00000272fd170000, 0x00000272ff120000)

Polling page: 0x00000272e1c10000

Metaspace:

Usage:
  Non-class:      2.29 MB used.
      Class:    223.50 KB used.
       Both:      2.51 MB used.

Virtual space:
  Non-class space:        8.00 MB reserved,       2.31 MB ( 29%) committed,  1 nodes.
      Class space:        1.00 GB reserved,     320.00 KB ( <1%) committed,  1 nodes.
             Both:        1.01 GB reserved,       2.62 MB ( <1%) committed. 

Chunk freelists:
   Non-Class:  3.38 MB
       Class:  3.66 MB
        Both:  7.02 MB

MaxMetaspaceSize: unlimited
CompressedClassSpaceSize: 1.00 GB
Initial GC threshold: 21.00 MB
Current GC threshold: 21.00 MB
CDS: on
MetaspaceReclaimPolicy: balanced
 - commit_granule_bytes: 65536.
 - commit_granule_words: 8192.
 - virtual_space_node_default_size: 1048576.
 - enlarge_chunks_in_place: 1.
 - new_chunks_are_fully_committed: 0.
 - uncommit_free_chunks: 1.
 - use_allocation_guard: 0.
 - handle_deallocations: 1.


Internal statistics:

num_allocs_failed_limit: 0.
num_arena_births: 12.
num_arena_deaths: 0.
num_vsnodes_births: 2.
num_vsnodes_deaths: 0.
num_space_committed: 43.
num_space_uncommitted: 0.
num_chunks_returned_to_freelist: 0.
num_chunks_taken_from_freelist: 50.
num_chunk_merges: 0.
num_chunk_splits: 32.
num_chunks_enlarged: 26.
num_purges: 0.
num_inconsistent_stats: 0.

CodeHeap 'non-profiled nmethods': size=120000Kb used=238Kb max_used=238Kb free=119761Kb
 bounds [0x00000272f3090000, 0x00000272f3300000, 0x00000272fa5c0000]
CodeHeap 'profiled nmethods': size=120000Kb used=1341Kb max_used=1341Kb free=118658Kb
 bounds [0x00000272eb5c0000, 0x00000272eb830000, 0x00000272f2af0000]
CodeHeap 'non-nmethods': size=5760Kb used=1141Kb max_used=1159Kb free=4618Kb
 bounds [0x00000272f2af0000, 0x00000272f2d60000, 0x00000272f3090000]
 total_blobs=1124 nmethods=695 adapters=342
 compilation: enabled
              stopped_count=0, restarted_count=0
 full_count=0

Compilation events (20 events):
Event: 1.235 Thread 0x00000272ff5e89f0 nmethod 620 0x00000272eb6d5690 code [0x00000272eb6d5960, 0x00000272eb6d6ce8]
Event: 1.235 Thread 0x00000272ff5e89f0  622       3       sun.util.locale.LocaleUtils::toUpperString (95 bytes)
Event: 1.237 Thread 0x00000272ff5e89f0 nmethod 622 0x00000272eb6d7210 code [0x00000272eb6d74e0, 0x00000272eb6d86a8]
Event: 1.237 Thread 0x00000272ff5e89f0  625       3       sun.util.locale.InternalLocaleBuilder::clearExtensions (50 bytes)
Event: 1.237 Thread 0x00000272ff5e89f0 nmethod 625 0x00000272eb6d8d90 code [0x00000272eb6d8f60, 0x00000272eb6d9388]
Event: 1.237 Thread 0x00000272ff5e89f0  626       3       sun.util.locale.LocaleUtils::isEmpty (19 bytes)
Event: 1.237 Thread 0x00000272ff5e89f0 nmethod 626 0x00000272eb6d9490 code [0x00000272eb6d9640, 0x00000272eb6d9888]
Event: 1.237 Thread 0x00000272ff5e89f0  623       3       sun.util.locale.StringTokenIterator::next (74 bytes)
Event: 1.238 Thread 0x00000272ff5e89f0 nmethod 623 0x00000272eb6d9990 code [0x00000272eb6d9b60, 0x00000272eb6d9fb8]
Event: 1.238 Thread 0x00000272ff5e89f0  624       3       sun.util.locale.StringTokenIterator::hasNext (20 bytes)
Event: 1.238 Thread 0x00000272ff5e89f0 nmethod 624 0x00000272eb6da190 code [0x00000272eb6da340, 0x00000272eb6da5b8]
Event: 1.238 Thread 0x00000272ff5e89f0  615       1       sun.util.locale.LanguageTag::getLanguage (5 bytes)
Event: 1.238 Thread 0x00000272ff5e89f0 nmethod 615 0x00000272f30c6090 code [0x00000272f30c6220, 0x00000272f30c62f8]
Event: 1.238 Thread 0x00000272ff5e89f0  616       1       sun.util.locale.LanguageTag::getScript (5 bytes)
Event: 1.238 Thread 0x00000272ff5e89f0 nmethod 616 0x00000272f30c6390 code [0x00000272f30c6520, 0x00000272f30c65f8]
Event: 1.238 Thread 0x00000272ff5e89f0  617       1       sun.util.locale.LanguageTag::getRegion (5 bytes)
Event: 1.239 Thread 0x00000272ff5e89f0 nmethod 617 0x00000272f30c6690 code [0x00000272f30c6820, 0x00000272f30c68f8]
Event: 1.239 Thread 0x00000272ff5e89f0  618       1       sun.util.locale.LanguageTag::getPrivateuse (5 bytes)
Event: 1.239 Thread 0x00000272ff5e89f0 nmethod 618 0x00000272f30c6990 code [0x00000272f30c6b20, 0x00000272f30c6bf8]
Event: 1.257 Thread 0x00000272ff5e89f0  627       3       sun.util.locale.LanguageTag::isRegion (36 bytes)

GC Heap History (0 events):
No events

Deoptimization events (20 events):
Event: 0.949 Thread 0x00000272e3d50b50 DEOPT PACKING pc=0x00000272f30a49e4 sp=0x000000e92ccfe180
Event: 0.949 Thread 0x00000272e3d50b50 DEOPT UNPACKING pc=0x00000272f2b423a3 sp=0x000000e92ccfe108 mode 2
Event: 1.055 Thread 0x00000272e3d50b50 DEOPT PACKING pc=0x00000272eb5ce9e5 sp=0x000000e92ccfc9a0
Event: 1.056 Thread 0x00000272e3d50b50 DEOPT UNPACKING pc=0x00000272f2b42b43 sp=0x000000e92ccfbdf0 mode 0
Event: 1.071 Thread 0x00000272e3d50b50 DEOPT PACKING pc=0x00000272eb5ce9e5 sp=0x000000e92ccfae10
Event: 1.071 Thread 0x00000272e3d50b50 DEOPT UNPACKING pc=0x00000272f2b42b43 sp=0x000000e92ccfa260 mode 0
Event: 1.086 Thread 0x00000272e3d50b50 DEOPT PACKING pc=0x00000272eb5ce9e5 sp=0x000000e92ccf8e00
Event: 1.086 Thread 0x00000272e3d50b50 DEOPT UNPACKING pc=0x00000272f2b42b43 sp=0x000000e92ccf8250 mode 0
Event: 1.111 Thread 0x00000272e3d50b50 Uncommon trap: trap_request=0xffffff45 fr.pc=0x00000272f30b32c4 relative=0x00000000000002a4
Event: 1.111 Thread 0x00000272e3d50b50 Uncommon trap: reason=unstable_if action=reinterpret pc=0x00000272f30b32c4 method=java.lang.String.startsWith(Ljava/lang/String;I)Z @ 14 c2
Event: 1.111 Thread 0x00000272e3d50b50 DEOPT PACKING pc=0x00000272f30b32c4 sp=0x000000e92ccfbaf0
Event: 1.111 Thread 0x00000272e3d50b50 DEOPT UNPACKING pc=0x00000272f2b423a3 sp=0x000000e92ccfba50 mode 2
Event: 1.123 Thread 0x00000272e3d50b50 Uncommon trap: trap_request=0xffffff45 fr.pc=0x00000272f30b21dc relative=0x000000000000015c
Event: 1.123 Thread 0x00000272e3d50b50 Uncommon trap: reason=unstable_if action=reinterpret pc=0x00000272f30b21dc method=java.lang.StringCoding.hasNegatives([BII)Z @ 12 c2
Event: 1.123 Thread 0x00000272e3d50b50 DEOPT PACKING pc=0x00000272f30b21dc sp=0x000000e92ccfba60
Event: 1.123 Thread 0x00000272e3d50b50 DEOPT UNPACKING pc=0x00000272f2b423a3 sp=0x000000e92ccfb9f0 mode 2
Event: 1.123 Thread 0x00000272e3d50b50 Uncommon trap: trap_request=0xffffff45 fr.pc=0x00000272f30912f8 relative=0x0000000000000078
Event: 1.123 Thread 0x00000272e3d50b50 Uncommon trap: reason=unstable_if action=reinterpret pc=0x00000272f30912f8 method=java.lang.String.isLatin1()Z @ 10 c2
Event: 1.123 Thread 0x00000272e3d50b50 DEOPT PACKING pc=0x00000272f30912f8 sp=0x000000e92ccfb9a0
Event: 1.123 Thread 0x00000272e3d50b50 DEOPT UNPACKING pc=0x00000272f2b423a3 sp=0x000000e92ccfb8e0 mode 2

Classes unloaded (0 events):
No events

Classes redefined (0 events):
No events

Internal exceptions (4 events):
Event: 0.803 Thread 0x0000027282c97580 Exception <a 'java/lang/NoSuchMethodError'{0x0000000088b69da0}: 'java.lang.Object java.lang.invoke.DirectMethodHandle$Holder.invokeStaticInit(java.lang.Object)'> (0x0000000088b69da0) 
thrown [s\open\src\hotspot\share\interpreter\linkResolver.cpp, line 759]
Event: 0.821 Thread 0x0000027282c97580 Exception <a 'java/lang/NoSuchMethodError'{0x0000000088b77d80}: 'void java.lang.invoke.DirectMethodHandle$Holder.invokeStatic(java.lang.Object, java.lang.Object)'> (0x0000000088b77d80) 
thrown [s\open\src\hotspot\share\interpreter\linkResolver.cpp, line 759]
Event: 1.113 Thread 0x00000272e3d50b50 Exception <a 'java/lang/ClassNotFoundException'{0x00000000889a9b98}: javax/smartcardio/CardPermission> (0x00000000889a9b98) 
thrown [s\open\src\hotspot\share\classfile\systemDictionary.cpp, line 256]
Event: 1.123 Thread 0x00000272e3d50b50 Exception <a 'java/io/FileNotFoundException'{0x00000000889b8180}> (0x00000000889b8180) 
thrown [s\open\src\hotspot\share\prims\jni.cpp, line 516]

VM Operations (6 events):
Event: 0.381 Executing VM operation: HandshakeAllThreads
Event: 0.381 Executing VM operation: HandshakeAllThreads done
Event: 0.801 Executing VM operation: HandshakeAllThreads
Event: 0.801 Executing VM operation: HandshakeAllThreads done
Event: 0.948 Executing VM operation: HandshakeAllThreads
Event: 0.948 Executing VM operation: HandshakeAllThreads done

Events (20 events):
Event: 1.212 loading class sun/util/locale/provider/TimeZoneNameProviderImpl done
Event: 1.212 loading class sun/util/cldr/CLDRTimeZoneNameProviderImpl done
Event: 1.216 loading class sun/util/locale/provider/BaseLocaleDataMetaInfo
Event: 1.216 loading class sun/util/locale/provider/BaseLocaleDataMetaInfo done
Event: 1.219 loading class sun/util/resources/cldr/TimeZoneNames
Event: 1.219 loading class sun/util/resources/TimeZoneNamesBundle
Event: 1.220 loading class sun/util/resources/OpenListResourceBundle
Event: 1.220 loading class sun/util/resources/OpenListResourceBundle done
Event: 1.220 loading class sun/util/resources/TimeZoneNamesBundle done
Event: 1.220 loading class sun/util/resources/cldr/TimeZoneNames done
Event: 1.220 loading class sun/util/resources/cldr/TimeZoneNames_en
Event: 1.221 loading class sun/util/resources/cldr/TimeZoneNames_en done
Event: 1.221 loading class sun/util/resources/cldr/TimeZoneNames_en_US
Event: 1.221 loading class sun/util/resources/cldr/TimeZoneNames_en_US done
Event: 1.223 loading class java/util/LinkedHashMap$LinkedKeySet
Event: 1.223 loading class java/util/LinkedHashMap$LinkedKeySet done
Event: 1.224 loading class sun/util/resources/TimeZoneNames
Event: 1.224 loading class sun/util/resources/TimeZoneNames done
Event: 1.225 loading class sun/util/resources/TimeZoneNames_en
Event: 1.225 loading class sun/util/resources/TimeZoneNames_en done


Dynamic libraries:
0x00007ff75b3d0000 - 0x00007ff75b3e0000 	C:\Program Files\Java\jdk-17\bin\java.exe
0x00007ffed2a30000 - 0x00007ffed2c28000 	C:\Windows\SYSTEM32\ntdll.dll
0x00007ffed0ef0000 - 0x00007ffed0fad000 	C:\Windows\System32\KERNEL32.DLL
0x00007ffed03c0000 - 0x00007ffed06b6000 	C:\Windows\System32\KERNELBASE.dll
0x00007ffed0100000 - 0x00007ffed0200000 	C:\Windows\System32\ucrtbase.dll
0x00007ffeca560000 - 0x00007ffeca579000 	C:\Program Files\Java\jdk-17\bin\jli.dll
0x00007ffed2930000 - 0x00007ffed29e3000 	C:\Windows\System32\ADVAPI32.dll
0x00007ffed1480000 - 0x00007ffed151e000 	C:\Windows\System32\msvcrt.dll
0x00007ffed1520000 - 0x00007ffed15bf000 	C:\Windows\System32\sechost.dll
0x00007ffed0fb0000 - 0x00007ffed10d6000 	C:\Windows\System32\RPCRT4.dll
0x00007ffed0200000 - 0x00007ffed0227000 	C:\Windows\System32\bcrypt.dll
0x00007ffed1170000 - 0x00007ffed130e000 	C:\Windows\System32\USER32.dll
0x00007ffed0390000 - 0x00007ffed03b2000 	C:\Windows\System32\win32u.dll
0x00007ffed2900000 - 0x00007ffed292c000 	C:\Windows\System32\GDI32.dll
0x00007ffed0750000 - 0x00007ffed086a000 	C:\Windows\System32\gdi32full.dll
0x00007ffed09e0000 - 0x00007ffed0a7d000 	C:\Windows\System32\msvcp_win.dll
0x00007ffec9900000 - 0x00007ffec991b000 	C:\Program Files\Java\jdk-17\bin\VCRUNTIME140.dll
0x00007ffeb1410000 - 0x00007ffeb16aa000 	C:\Windows\WinSxS\amd64_microsoft.windows.common-controls_6595b64144ccf1df_6.0.19041.3636_none_60b6a03d71f818d5\COMCTL32.dll
0x00007ffeca4a0000 - 0x00007ffeca4aa000 	C:\Windows\SYSTEM32\VERSION.dll
0x00007ffed1320000 - 0x00007ffed1350000 	C:\Windows\System32\IMM32.DLL
0x00007ffecbf60000 - 0x00007ffecbf6c000 	C:\Program Files\Java\jdk-17\bin\vcruntime140_1.dll
0x00007ffec6f10000 - 0x00007ffec6f9e000 	C:\Program Files\Java\jdk-17\bin\msvcp140.dll
0x00007ffe8e8e0000 - 0x00007ffe8f4bd000 	C:\Program Files\Java\jdk-17\bin\server\jvm.dll
0x00007ffed1620000 - 0x00007ffed1628000 	C:\Windows\System32\PSAPI.DLL
0x00007ffeaec90000 - 0x00007ffeaec99000 	C:\Windows\SYSTEM32\WSOCK32.dll
0x00007ffed2070000 - 0x00007ffed20db000 	C:\Windows\System32\WS2_32.dll
0x00007ffec0550000 - 0x00007ffec0577000 	C:\Windows\SYSTEM32\WINMM.dll
0x00007ffecdf60000 - 0x00007ffecdf72000 	C:\Windows\SYSTEM32\kernel.appcore.dll
0x00007ffec98f0000 - 0x00007ffec98fa000 	C:\Program Files\Java\jdk-17\bin\jimage.dll
0x00007ffec7da0000 - 0x00007ffec7f84000 	C:\Windows\SYSTEM32\DBGHELP.DLL
0x00007ffec7ce0000 - 0x00007ffec7d14000 	C:\Windows\SYSTEM32\dbgcore.DLL
0x00007ffed06c0000 - 0x00007ffed0742000 	C:\Windows\System32\bcryptPrimitives.dll
0x00007ffec7410000 - 0x00007ffec741e000 	C:\Program Files\Java\jdk-17\bin\instrument.dll
0x00007ffec72c0000 - 0x00007ffec72e5000 	C:\Program Files\Java\jdk-17\bin\java.dll
0x00007ffead0b0000 - 0x00007ffead187000 	C:\Program Files\Java\jdk-17\bin\jsvml.dll
0x00007ffed20e0000 - 0x00007ffed2825000 	C:\Windows\System32\SHELL32.dll
0x00007ffece170000 - 0x00007ffece90b000 	C:\Windows\SYSTEM32\windows.storage.dll
0x00007ffed0a80000 - 0x00007ffed0dd4000 	C:\Windows\System32\combase.dll
0x00007ffecfb30000 - 0x00007ffecfb5d000 	C:\Windows\SYSTEM32\Wldp.dll
0x00007ffed1690000 - 0x00007ffed173d000 	C:\Windows\System32\SHCORE.dll
0x00007ffed1630000 - 0x00007ffed1685000 	C:\Windows\System32\shlwapi.dll
0x00007ffed0030000 - 0x00007ffed0055000 	C:\Windows\SYSTEM32\profapi.dll
0x00007ffec6eb0000 - 0x00007ffec6ec8000 	C:\Program Files\Java\jdk-17\bin\zip.dll
0x00007ffec72a0000 - 0x00007ffec72b9000 	C:\Program Files\Java\jdk-17\bin\net.dll
0x00007ffec7f90000 - 0x00007ffec809a000 	C:\Windows\SYSTEM32\WINHTTP.dll
0x00007ffecf890000 - 0x00007ffecf8fa000 	C:\Windows\system32\mswsock.dll
0x00007ffec7280000 - 0x00007ffec7296000 	C:\Program Files\Java\jdk-17\bin\nio.dll
0x00007ffec73a0000 - 0x00007ffec73ba000 	C:\IntelliJ IDEA Community Edition 2023.1.1\bin\breakgen64.dll
0x00007ffec7470000 - 0x00007ffec7480000 	C:\Program Files\Java\jdk-17\bin\verify.dll

dbghelp: loaded successfully - version: 4.0.5 - missing functions: none
symbol engine: initialized successfully - sym options: 0x614 - pdb path: .;C:\Program Files\Java\jdk-17\bin;C:\Windows\SYSTEM32;C:\Windows\WinSxS\amd64_microsoft.windows.common-controls_6595b64144ccf1df_6.0.19041.3636_none_60b6a03d71f818d5;C:\Program Files\Java\jdk-17\bin\server;C:\IntelliJ IDEA Community Edition 2023.1.1\bin

VM Arguments:
jvm_args: -javaagent:C:\IntelliJ IDEA Community Edition 2023.1.1\lib\idea_rt.jar=65284:C:\IntelliJ IDEA Community Edition 2023.1.1\bin -Dfile.encoding=UTF-8 
java_command: com.example.Account.AccountApplication
java_class_path (initial): C:\Users\thsu1\Downloads\Account\Account\out\production\classes;C:\Users\thsu1\Downloads\Account\Account\out\production\resources;C:\Users\thsu1\.gradle\caches\modules-2\files-2.1\org.springframework.boot\spring-boot-starter-data-jpa\2.7.14\ad7d3be24a386ec45ce020b8922e9d056f7a6835\spring-boot-starter-data-jpa-2.7.14.jar;C:\Users\thsu1\.gradle\caches\modules-2\files-2.1\org.springframework.boot\spring-boot-starter-validation\2.7.14\6e88ca463b6d7294f3206da9a57a645ca41b9665\spring-boot-starter-validation-2.7.14.jar;C:\Users\thsu1\.gradle\caches\modules-2\files-2.1\org.springframework.boot\spring-boot-starter-web\2.7.14\300b311c5fb98a2ee547df33a9d37782dddb496e\spring-boot-starter-web-2.7.14.jar;C:\Users\thsu1\.gradle\caches\modules-2\files-2.1\org.springframework.boot\spring-boot-starter-security\2.7.14\bfad63e7348a3f4d76b36c5ae87a5c582175a159\spring-boot-starter-security-2.7.14.jar;C:\Users\thsu1\.gradle\caches\modules-2\files-2.1\io.jsonwebtoken\jjwt\0.9.1\54d2abfc3e63a28824d35bf600d6a5d627da681a\jjwt-0.9.1.jar;C:\Users\thsu1\.gradle\caches\modules-2\files-2.1\io.springfox\springfox-swagger2\2.9.2\362676bc7f4c6f9f1d568741becab0dfc198c898\springfox-swagger2-2.9.2.jar;C:\Users\thsu1\.gradle\caches\modules-2\files-2.1\io.springfox\springfox-swagger-ui\2.9.2\d542382a88ff3ea8d4032c28b2b0325797fada7d\springfox-swagger-ui-2.9.2.jar;C:\Users\thsu1\.gradle\caches\modules-2\files-2.1\org.redisson\redisson\3.17.1\6a881e06fe7c2570b3e5437e88d30cc6be423cb9\redisson-3.17.1.jar;C:\Users\thsu1\.gradle\caches\modules-2\files-2.1\it.ozimov\embedded-redis\0.7.3\c9379e3983506f35e548a574128b1e5c9fc636a2\embedded-redis-0.7.3.jar;C:\Users\thsu1\.gradle\caches\modules-2\files-2.1\org.springframework.boot\spring-boot-starter-aop\2.7.14\c4fb902f51ab09247de60c463761980d0d1a5888\spring-boot-starter-aop-2.7.14.jar;C:\Users\thsu1\.gradle\caches\modules-2\files-2.1\org.springframework.boot\spring-boot-starter-jdbc\2.7.14\80b80408b6b75ce0dc2833cb07fd1ce6620d1f3b\spring-bo
Launcher Type: SUN_STANDARD

[Global flags]
     intx CICompilerCount                          = 3                                         {product} {ergonomic}
     uint ConcGCThreads                            = 1                                         {product} {ergonomic}
     uint G1ConcRefinementThreads                  = 4                                         {product} {ergonomic}
   size_t G1HeapRegionSize                         = 1048576                                   {product} {ergonomic}
    uintx GCDrainStackTargetSize                   = 64                                        {product} {ergonomic}
   size_t InitialHeapSize                          = 134217728                                 {product} {ergonomic}
   size_t MarkStackSize                            = 4194304                                   {product} {ergonomic}
   size_t MaxHeapSize                              = 2126512128                                {product} {ergonomic}
   size_t MaxNewSize                               = 1275068416                                {product} {ergonomic}
   size_t MinHeapDeltaBytes                        = 1048576                                   {product} {ergonomic}
   size_t MinHeapSize                              = 8388608                                   {product} {ergonomic}
    uintx NonNMethodCodeHeapSize                   = 5832780                                {pd product} {ergonomic}
    uintx NonProfiledCodeHeapSize                  = 122912730                              {pd product} {ergonomic}
    uintx ProfiledCodeHeapSize                     = 122912730                              {pd product} {ergonomic}
    uintx ReservedCodeCacheSize                    = 251658240                              {pd product} {ergonomic}
     bool SegmentedCodeCache                       = true                                      {product} {ergonomic}
   size_t SoftMaxHeapSize                          = 2126512128                             {manageable} {ergonomic}
     bool UseCompressedClassPointers               = true                           {product lp64_product} {ergonomic}
     bool UseCompressedOops                        = true                           {product lp64_product} {ergonomic}
     bool UseG1GC                                  = true                                      {product} {ergonomic}
     bool UseLargePagesIndividualAllocation        = false                                  {pd product} {ergonomic}

Logging:
Log output configuration:
 #0: stdout all=warning uptime,level,tags
 #1: stderr all=off uptime,level,tags

Environment Variables:
JAVA_HOME=C:\01DevelopKits\jdk-11
PATH=C:\Program Files\Common Files\Oracle\Java\javapath;C:\01DevelopKits\app\oracle\product\11.2.0\server\bin;C:\Windows\system32;C:\Windows;C:\Windows\System32\Wbem;C:\Windows\System32\WindowsPowerShell\v1.0\;C:\Windows\System32\OpenSSH\;C:\01DevelopKits\jdk-11\bin;C:\Program Files\Git\cmd;C:\Program Files\MySQL\MySQL Shell 8.0\bin\;C:\Users\thsu1\AppData\Local\Microsoft\WindowsApps;;C:\Users\thsu1\AppData\Local\Programs\Microsoft VS Code\bin;C:\IntelliJ IDEA Community Edition 2023.1.1\bin;
USERNAME=thsu1
OS=Windows_NT
PROCESSOR_IDENTIFIER=Intel64 Family 6 Model 78 Stepping 3, GenuineIntel



---------------  S Y S T E M  ---------------

OS:
 Windows 10 , 64 bit Build 19041 (10.0.19041.3636)
OS uptime: 5 days 23:12 hours
Hyper-V role detected

CPU: total 4 (initial active 4) (2 cores per cpu, 2 threads per core) family 6 model 78 stepping 3 microcode 0xcc, cx8, cmov, fxsr, ht, mmx, 3dnowpref, sse, sse2, sse3, ssse3, sse4.1, sse4.2, popcnt, lzcnt, tsc, tscinvbit, avx, avx2, aes, erms, clmul, bmi1, bmi2, adx, fma, vzeroupper, clflush, clflushopt, hv

Memory: 4k page, system-wide physical 8108M (905M free)
TotalPageFile size 16166M (AvailPageFile size 5M)
current process WorkingSet (physical memory assigned to process): 68M, peak: 68M
current process commit charge ("private bytes"): 217M, peak: 218M

vm_info: Java HotSpot(TM) 64-Bit Server VM (17.0.7+8-LTS-224) for windows-amd64 JRE (17.0.7+8-LTS-224), built on Feb 28 2023 23:03:02 by "mach5one" with MS VC++ 17.1 (VS2022)

END.
